2013-11-21 17:58:38,016 INFO GOT OLD LIST
2013-11-21 17:58:38,276 INFO FOUND A NEW FILE!! New item: \\10.19.110.117\Group\Public Access\Camp\Today's Menu\2013\November 2013\November 10th Menu.docx
2013-11-21 17:58:38,276 INFO Date found in title is: 10
2013-11-21 17:58:38,278 INFO FOUND A NEW FILE!! New item: \\10.19.110.117\Group\Public Access\Camp\Today's Menu\2013\November 2013\November 11th Menu.docx
2013-11-21 17:58:38,278 INFO Date found in title is: 11
2013-11-21 17:58:38,279 INFO FOUND A NEW FILE!! New item: \\10.19.110.117\Group\Public Access\Camp\Today's Menu\2013\November 2013\November 12th Menu.docx
2013-11-21 17:58:38,279 INFO Date found in title is: 12
2013-11-21 17:58:38,279 INFO FOUND A NEW FILE!! New item: \\10.19.110.117\Group\Public Access\Camp\Today's Menu\2013\November 2013\November 13th Menu.docx
2013-11-21 17:58:38,279 INFO Date found in title is: 13
2013-11-21 17:58:38,280 INFO FOUND A NEW FILE!! New item: \\10.19.110.117\Group\Public Access\Camp\Today's Menu\2013\November 2013\November 14th Menu.docx
2013-11-21 17:58:38,280 INFO Date found in title is: 14
2013-11-21 17:58:38,282 INFO FOUND A NEW FILE!! New item: \\10.19.110.117\Group\Public Access\Camp\Today's Menu\2013\November 2013\November 15th Menu.docx
2013-11-21 17:58:38,282 INFO Date found in title is: 15
2013-11-21 17:58:38,282 INFO FOUND A NEW FILE!! New item: \\10.19.110.117\Group\Public Access\Camp\Today's Menu\2013\November 2013\November 16th Menu.docx
2013-11-21 17:58:38,282 INFO Date found in title is: 16
2013-11-21 17:58:38,283 INFO FOUND A NEW FILE!! New item: \\10.19.110.117\Group\Public Access\Camp\Today's Menu\2013\November 2013\November 17th Menu.docx
2013-11-21 17:58:38,283 INFO Date found in title is: 17
2013-11-21 17:58:38,285 INFO FOUND A NEW FILE!! New item: \\10.19.110.117\Group\Public Access\Camp\Today's Menu\2013\November 2013\November 18th Menu.docx
2013-11-21 17:58:38,285 INFO Date found in title is: 18
2013-11-21 17:58:38,286 INFO FOUND A NEW FILE!! New item: \\10.19.110.117\Group\Public Access\Camp\Today's Menu\2013\November 2013\November 19th Menu.docx
2013-11-21 17:58:38,286 INFO Date found in title is: 19
2013-11-21 17:58:38,286 INFO FOUND A NEW FILE!! New item: \\10.19.110.117\Group\Public Access\Camp\Today's Menu\2013\November 2013\November 20th Menu.docx
2013-11-21 17:58:38,286 INFO Date found in title is: 20
2013-11-21 17:58:38,288 INFO FOUND A NEW FILE!! New item: \\10.19.110.117\Group\Public Access\Camp\Today's Menu\2013\November 2013\November 21st Menu.docx
2013-11-21 17:58:38,288 INFO Date found in title is: 21
2013-11-21 17:58:47,336 INFO Emailed!
2013-11-21 17:58:47,365 INFO FOUND A NEW FILE!! New item: \\10.19.110.117\Group\Public Access\Camp\Today's Menu\2013\October 2013\October 31st Menu - Happy Halloween.docx
2013-11-21 17:58:47,365 INFO Date found in title is: 31
2013-11-21 18:08:47,423 INFO GOT OLD LIST
2013-11-21 18:08:47,724 INFO FOUND A NEW FILE!! New item: \\10.19.110.117\Group\Public Access\Camp\Today's Menu\2013\November 2013\November 3, 2013.docx
2013-11-21 18:08:47,724 INFO Date found in title is: 3
2013-11-21 18:08:47,726 INFO FOUND A NEW FILE!! New item: \\10.19.110.117\Group\Public Access\Camp\Today's Menu\2013\November 2013\November 4, 2013.docx
2013-11-21 18:08:47,726 INFO Date found in title is: 4
2013-11-21 18:08:47,726 INFO FOUND A NEW FILE!! New item: \\10.19.110.117\Group\Public Access\Camp\Today's Menu\2013\November 2013\November 5, 2013.docx
2013-11-21 18:08:47,726 INFO Date found in title is: 5
2013-11-21 18:08:47,727 INFO FOUND A NEW FILE!! New item: \\10.19.110.117\Group\Public Access\Camp\Today's Menu\2013\November 2013\November 6, 2013.docx
2013-11-21 18:08:47,727 INFO Date found in title is: 6
2013-11-21 18:08:47,729 INFO FOUND A NEW FILE!! New item: \\10.19.110.117\Group\Public Access\Camp\Today's Menu\2013\November 2013\November 7th Menu.docx
2013-11-21 18:08:47,730 INFO Date found in title is: 7
2013-11-21 18:08:47,730 INFO FOUND A NEW FILE!! New item: \\10.19.110.117\Group\Public Access\Camp\Today's Menu\2013\November 2013\November 8th Menu.docx
2013-11-21 18:08:47,730 INFO Date found in title is: 8
2013-11-21 18:08:47,732 INFO FOUND A NEW FILE!! New item: \\10.19.110.117\Group\Public Access\Camp\Today's Menu\2013\November 2013\November 9th Menu.docx
2013-11-21 18:08:47,732 INFO Date found in title is: 9
2013-11-21 18:08:47,733 INFO FOUND A NEW FILE!! New item: \\10.19.110.117\Group\Public Access\Camp\Today's Menu\2013\November 2013\~$vember 21st Menu.docx
2013-11-21 18:08:47,733 INFO Date found in title is: 21
2013-11-21 18:08:47,733 INFO oops just a temporary file, never mind!
2013-11-21 18:18:47,821 INFO GOT OLD LIST
2013-11-21 18:28:48,184 INFO GOT OLD LIST
2013-11-21 18:38:48,529 INFO GOT OLD LIST
2013-11-21 18:48:48,915 INFO GOT OLD LIST
2013-11-21 18:58:49,255 INFO GOT OLD LIST
2013-11-21 19:08:49,650 INFO GOT OLD LIST
2013-11-21 19:18:50,003 INFO GOT OLD LIST
2013-11-21 19:28:50,328 INFO GOT OLD LIST
2013-11-21 19:38:50,698 INFO GOT OLD LIST
2013-11-21 19:48:51,094 INFO GOT OLD LIST
2013-11-21 19:58:51,463 INFO GOT OLD LIST
2013-11-21 20:08:51,954 INFO GOT OLD LIST
2013-11-21 20:18:52,332 INFO GOT OLD LIST
2013-11-21 20:28:52,719 INFO GOT OLD LIST
2013-11-21 20:38:53,088 INFO GOT OLD LIST
2013-11-21 20:48:53,482 INFO GOT OLD LIST
2013-11-21 20:58:53,871 INFO GOT OLD LIST
2013-11-21 21:08:54,000 INFO GOT OLD LIST
2013-11-21 21:18:54,312 INFO GOT OLD LIST
2013-11-21 21:28:54,667 INFO GOT OLD LIST
2013-11-21 21:38:55,062 INFO GOT OLD LIST
2013-11-21 21:48:55,390 INFO GOT OLD LIST
2013-11-21 21:58:55,788 INFO GOT OLD LIST
2013-11-21 22:08:56,101 INFO GOT OLD LIST
2013-11-21 22:18:56,497 INFO GOT OLD LIST
2013-11-21 22:28:56,868 INFO GOT OLD LIST
2013-11-21 22:38:57,214 INFO GOT OLD LIST
2013-11-21 22:48:57,584 INFO GOT OLD LIST
2013-11-21 22:58:57,987 INFO GOT OLD LIST
2013-11-21 23:08:58,358 INFO GOT OLD LIST
2013-11-21 23:18:58,710 INFO GOT OLD LIST
2013-11-21 23:28:59,131 INFO GOT OLD LIST
2013-11-21 23:38:59,500 INFO GOT OLD LIST
2013-11-21 23:48:59,865 INFO GOT OLD LIST
2013-11-21 23:59:00,236 INFO GOT OLD LIST
2013-11-22 00:09:00,589 INFO GOT OLD LIST
2013-11-22 00:19:01,036 INFO GOT OLD LIST
2013-11-22 00:29:01,404 INFO GOT OLD LIST
2013-11-22 00:39:01,793 INFO GOT OLD LIST
2013-11-22 00:49:02,161 INFO GOT OLD LIST
2013-11-22 00:59:02,515 INFO GOT OLD LIST
2013-11-22 01:09:02,931 INFO GOT OLD LIST
2013-11-22 01:19:03,282 INFO GOT OLD LIST
2013-11-22 01:29:03,601 INFO GOT OLD LIST
2013-11-22 01:39:15,500 INFO GOT OLD LIST
2013-11-22 01:49:15,721 INFO GOT OLD LIST
2013-11-22 01:59:16,084 INFO GOT OLD LIST
2013-11-22 02:09:16,424 INFO GOT OLD LIST
2013-11-22 02:19:16,749 INFO GOT OLD LIST
2013-11-22 02:29:29,082 INFO GOT OLD LIST
2013-11-22 02:39:29,447 INFO GOT OLD LIST
2013-11-22 02:49:29,900 INFO GOT OLD LIST
2013-11-22 02:59:30,223 INFO GOT OLD LIST
2013-11-22 03:09:30,549 INFO GOT OLD LIST
2013-11-22 03:19:30,888 INFO GOT OLD LIST
2013-11-22 03:29:31,213 INFO GOT OLD LIST
2013-11-22 03:39:31,562 INFO GOT OLD LIST
2013-11-22 03:49:31,986 INFO GOT OLD LIST
2013-11-22 03:59:32,573 INFO GOT OLD LIST
2013-11-22 04:09:32,891 INFO GOT OLD LIST
2013-11-22 04:19:33,240 INFO GOT OLD LIST
2013-11-22 04:29:33,562 INFO GOT OLD LIST
2013-11-22 04:39:34,020 INFO GOT OLD LIST
2013-11-22 04:49:34,348 INFO GOT OLD LIST
2013-11-22 04:59:34,694 INFO GOT OLD LIST
2013-11-22 05:09:35,061 INFO GOT OLD LIST
2013-11-22 05:19:35,437 INFO GOT OLD LIST
2013-11-22 05:29:35,750 INFO GOT OLD LIST
2013-11-22 05:39:36,071 INFO GOT OLD LIST
2013-11-22 05:49:36,384 INFO GOT OLD LIST
2013-11-22 05:59:36,730 INFO GOT OLD LIST
