2013-09-28 09:00:03,339 INFO GOT OLD LIST
2013-09-28 09:00:15,819 INFO FOUND A NEW FILE!! New item: \\10.19.110.117\Group\Public Access\Camp\Today's Menu\Sept 27 menu.docx
2013-09-28 09:00:15,819 INFO Date found in title is: 27
2013-09-28 09:10:15,848 INFO GOT OLD LIST
2013-09-28 09:20:15,861 INFO GOT OLD LIST
2013-09-28 09:30:15,798 INFO GOT OLD LIST
2013-09-28 09:40:16,233 INFO GOT OLD LIST
2013-09-28 09:50:16,634 INFO GOT OLD LIST
2013-09-28 10:00:17,095 INFO GOT OLD LIST
2013-09-28 10:10:17,858 INFO GOT OLD LIST
2013-09-28 10:20:18,441 INFO GOT OLD LIST
2013-09-28 10:30:18,822 INFO GOT OLD LIST
2013-09-28 10:40:19,160 INFO GOT OLD LIST
2013-09-28 10:50:19,549 INFO GOT OLD LIST
2013-09-28 11:00:19,930 INFO GOT OLD LIST
2013-09-28 11:10:20,312 INFO GOT OLD LIST
2013-09-28 11:20:20,690 INFO GOT OLD LIST
2013-09-28 11:30:21,032 INFO GOT OLD LIST
2013-09-28 11:40:21,357 INFO GOT OLD LIST
2013-09-28 11:40:21,757 INFO FOUND A NEW FILE!! New item: \\10.19.110.117\Group\Public Access\Camp\Today's Menu\Sept 28, 2013.docx
2013-09-28 11:40:21,769 INFO Date found in title is: 28
2013-09-28 11:40:45,615 INFO Emailed!
2013-09-28 11:40:45,621 INFO Found file after 16 polling intervals. Quitting. 
