2013-09-25 09:00:03,305 INFO GOT OLD LIST
2013-09-25 09:10:03,901 INFO GOT OLD LIST
2013-09-25 09:20:04,339 INFO GOT OLD LIST
2013-09-25 09:30:04,660 INFO GOT OLD LIST
2013-09-25 09:40:04,938 INFO GOT OLD LIST
2013-09-25 09:50:17,326 INFO GOT OLD LIST
2013-09-25 10:00:17,673 INFO GOT OLD LIST
2013-09-25 10:10:18,036 INFO GOT OLD LIST
2013-09-25 10:20:18,443 INFO GOT OLD LIST
2013-09-25 10:30:18,828 INFO GOT OLD LIST
2013-09-25 10:40:19,233 INFO GOT OLD LIST
2013-09-25 10:50:19,693 INFO GOT OLD LIST
2013-09-25 10:50:32,052 INFO FOUND A NEW FILE!! New item: \\10.19.110.117\Group\Public Access\Camp\Today's Menu\2013\September 2013\September 25th Menu.docx
2013-09-25 10:50:32,072 INFO Date found in title is: 25
2013-09-25 10:50:53,513 INFO Emailed!
2013-09-25 11:00:53,653 INFO GOT OLD LIST
2013-09-25 11:00:54,045 INFO FOUND A NEW FILE!! New item: \\10.19.110.117\Group\Public Access\Camp\Today's Menu\2013\September 2013\~$ptember 25th Menu.docx
2013-09-25 11:00:54,046 INFO Date found in title is: 25
2013-09-25 11:00:54,046 INFO oops just a temporary file, never mind!
2013-09-25 11:10:54,079 INFO GOT OLD LIST
2013-09-25 11:20:54,464 INFO GOT OLD LIST
2013-09-25 11:30:54,858 INFO GOT OLD LIST
2013-09-25 11:40:55,250 INFO GOT OLD LIST
2013-09-25 11:50:55,578 INFO GOT OLD LIST
2013-09-25 12:00:55,891 INFO GOT OLD LIST
2013-09-25 12:10:56,240 INFO GOT OLD LIST
2013-09-25 12:20:56,671 INFO GOT OLD LIST
2013-09-25 12:31:09,078 INFO GOT OLD LIST
2013-09-25 12:41:09,506 INFO GOT OLD LIST
2013-09-25 12:51:09,914 INFO GOT OLD LIST
2013-09-25 13:01:10,348 INFO GOT OLD LIST
2013-09-25 13:11:10,766 INFO GOT OLD LIST
2013-09-25 13:21:11,187 INFO GOT OLD LIST
2013-09-25 13:31:11,589 INFO GOT OLD LIST
2013-09-25 13:41:24,028 INFO GOT OLD LIST
2013-09-25 13:51:36,467 INFO GOT OLD LIST
2013-09-25 14:01:36,812 INFO GOT OLD LIST
2013-09-25 14:11:37,104 INFO GOT OLD LIST
2013-09-25 14:21:49,486 INFO GOT OLD LIST
2013-09-25 14:32:01,892 INFO GOT OLD LIST
2013-09-25 14:42:02,319 INFO GOT OLD LIST
2013-09-25 14:52:02,701 INFO GOT OLD LIST
2013-09-25 15:02:03,109 INFO GOT OLD LIST
2013-09-25 15:12:03,523 INFO GOT OLD LIST
2013-09-25 15:22:15,944 INFO GOT OLD LIST
2013-09-25 15:32:16,319 INFO GOT OLD LIST
2013-09-25 15:42:16,701 INFO GOT OLD LIST
2013-09-25 15:52:17,105 INFO GOT OLD LIST
2013-09-25 16:02:17,513 INFO GOT OLD LIST
2013-09-25 16:12:17,907 INFO GOT OLD LIST
2013-09-25 16:22:30,187 INFO GOT OLD LIST
2013-09-25 16:32:30,497 INFO GOT OLD LIST
2013-09-25 16:42:30,812 INFO GOT OLD LIST
2013-09-25 16:52:43,229 INFO GOT OLD LIST
2013-09-25 17:02:43,727 INFO GOT OLD LIST
2013-09-25 17:12:44,131 INFO GOT OLD LIST
2013-09-25 17:22:44,520 INFO GOT OLD LIST
2013-09-25 17:32:44,891 INFO GOT OLD LIST
2013-09-25 17:42:45,278 INFO GOT OLD LIST
2013-09-25 17:52:45,651 INFO GOT OLD LIST
2013-09-25 18:02:46,061 INFO GOT OLD LIST
2013-09-25 18:12:46,456 INFO GOT OLD LIST
2013-09-25 18:22:46,905 INFO GOT OLD LIST
2013-09-25 18:32:47,302 INFO GOT OLD LIST
2013-09-25 18:42:47,598 INFO GOT OLD LIST
2013-09-25 18:52:59,944 INFO GOT OLD LIST
2013-09-25 19:03:00,315 INFO GOT OLD LIST
2013-09-25 19:13:00,743 INFO GOT OLD LIST
2013-09-25 19:23:01,276 INFO GOT OLD LIST
2013-09-25 19:33:01,653 INFO GOT OLD LIST
2013-09-25 19:43:02,013 INFO GOT OLD LIST
2013-09-25 19:53:02,415 INFO GOT OLD LIST
2013-09-25 20:03:02,801 INFO GOT OLD LIST
2013-09-25 20:13:15,198 INFO GOT OLD LIST
2013-09-25 20:23:15,598 INFO GOT OLD LIST
2013-09-25 20:33:16,007 INFO GOT OLD LIST
2013-09-25 20:43:16,388 INFO GOT OLD LIST
2013-09-25 20:53:16,802 INFO GOT OLD LIST
