2013-08-11 09:37:00,391 INFO GOT OLD LIST
2013-08-11 09:47:00,424 INFO GOT OLD LIST
2013-08-11 09:57:00,726 INFO GOT OLD LIST
2013-08-11 10:07:00,959 INFO GOT OLD LIST
2013-08-11 10:17:01,226 INFO GOT OLD LIST
2013-08-11 10:27:01,471 INFO GOT OLD LIST
2013-08-11 10:37:13,732 INFO GOT OLD LIST
2013-08-11 10:47:13,990 INFO GOT OLD LIST
2013-08-11 10:57:14,210 INFO GOT OLD LIST
2013-08-11 11:07:14,450 INFO GOT OLD LIST
2013-08-11 11:17:26,788 INFO GOT OLD LIST
2013-08-11 11:27:27,125 INFO GOT OLD LIST
2013-08-11 11:37:38,421 INFO GOT OLD LIST
2013-08-11 11:47:50,711 INFO GOT OLD LIST
2013-08-11 11:58:03,039 INFO GOT OLD LIST
2013-08-11 12:08:03,375 INFO GOT OLD LIST
2013-08-11 12:18:03,683 INFO GOT OLD LIST
2013-08-11 12:28:15,930 INFO GOT OLD LIST
2013-08-11 12:38:16,259 INFO GOT OLD LIST
2013-08-11 12:48:16,543 INFO GOT OLD LIST
2013-08-11 12:58:16,828 INFO GOT OLD LIST
2013-08-11 13:08:17,163 INFO GOT OLD LIST
2013-08-11 13:18:17,500 INFO GOT OLD LIST
2013-08-11 13:28:17,796 INFO GOT OLD LIST
2013-08-11 13:38:18,124 INFO GOT OLD LIST
2013-08-11 13:48:18,391 INFO GOT OLD LIST
2013-08-11 13:58:30,661 INFO GOT OLD LIST
2013-08-11 14:08:30,926 INFO GOT OLD LIST
2013-08-11 14:18:31,171 INFO GOT OLD LIST
2013-08-11 14:28:43,427 INFO GOT OLD LIST
2013-08-11 14:38:43,723 INFO GOT OLD LIST
2013-08-11 14:48:43,943 INFO GOT OLD LIST
2013-08-11 14:58:44,176 INFO GOT OLD LIST
2013-08-11 15:08:44,391 INFO GOT OLD LIST
2013-08-11 15:08:56,654 INFO FOUND A NEW FILE!! New item: \\10.19.110.117\Group\Public Access\Camp\Today's Menu\August 11th Menu.docx
2013-08-11 15:08:56,655 INFO Date found in title is: 11
2013-08-11 15:08:56,655 INFO Emailed!
2013-08-11 15:08:57,240 INFO Found file after 33 polling intervals. Quitting. 
2013-08-11 15:35:36,717 INFO GOT OLD LIST
2013-08-11 15:35:49,071 INFO FOUND A NEW FILE!! New item: \\10.19.110.117\Group\Public Access\Camp\Today's Menu\2013\whateva11.docx
2013-08-11 15:35:49,071 INFO Date found in title is: 11
2013-08-11 15:35:49,071 INFO Emailed!
2013-08-11 15:36:21,892 INFO GOT OLD LIST
2013-08-11 15:45:08,421 INFO GOT OLD LIST
2013-08-11 15:46:27,500 INFO GOT OLD LIST
2013-08-11 15:46:39,815 INFO FOUND A NEW FILE!! New item: \\10.19.110.117\Group\Public Access\Camp\Today's Menu\whatevasasd 11.docx
2013-08-11 15:46:39,815 INFO Date found in title is: 11
2013-08-11 15:46:40,171 INFO Emailed!
2013-08-11 15:46:40,173 INFO Found file after 0 polling intervals. Quitting. 
2013-08-11 15:47:00,744 INFO GOT OLD LIST
2013-08-11 15:47:00,815 INFO FOUND A NEW FILE!! New item: \\10.19.110.117\Group\Public Access\Camp\Today's Menu\asasdasda 11.docx
2013-08-11 15:47:00,815 INFO Date found in title is: 11
2013-08-11 15:47:02,505 INFO Emailed!
2013-08-11 15:47:02,506 INFO Found file after 0 polling intervals. Quitting. 
