2013-09-23 09:00:03,022 INFO GOT OLD LIST
2013-09-23 09:10:15,453 INFO GOT OLD LIST
2013-09-23 09:20:15,302 INFO GOT OLD LIST
2013-09-23 09:30:15,388 INFO GOT OLD LIST
2013-09-23 09:40:27,733 INFO GOT OLD LIST
2013-09-23 09:50:28,079 INFO GOT OLD LIST
2013-09-23 10:00:28,407 INFO GOT OLD LIST
2013-09-23 10:10:28,766 INFO GOT OLD LIST
2013-09-23 10:20:41,105 INFO GOT OLD LIST
2013-09-23 10:30:53,447 INFO GOT OLD LIST
2013-09-23 10:41:05,710 INFO GOT OLD LIST
2013-09-23 10:51:06,051 INFO GOT OLD LIST
2013-09-23 11:01:06,397 INFO GOT OLD LIST
2013-09-23 11:11:06,749 INFO GOT OLD LIST
2013-09-23 11:21:19,111 INFO GOT OLD LIST
2013-09-23 11:31:31,448 INFO GOT OLD LIST
2013-09-23 11:41:31,792 INFO GOT OLD LIST
2013-09-23 11:51:32,102 INFO GOT OLD LIST
2013-09-23 12:01:32,463 INFO GOT OLD LIST
2013-09-23 12:11:32,808 INFO GOT OLD LIST
2013-09-23 12:21:33,161 INFO GOT OLD LIST
2013-09-23 12:31:33,516 INFO GOT OLD LIST
2013-09-23 12:41:33,918 INFO GOT OLD LIST
2013-09-23 12:51:34,272 INFO GOT OLD LIST
2013-09-23 13:01:34,634 INFO GOT OLD LIST
2013-09-23 13:11:34,957 INFO GOT OLD LIST
2013-09-23 13:21:35,707 INFO GOT OLD LIST
2013-09-23 13:31:36,115 INFO GOT OLD LIST
2013-09-23 13:41:36,473 INFO GOT OLD LIST
2013-09-23 13:51:36,871 INFO GOT OLD LIST
2013-09-23 14:01:37,210 INFO GOT OLD LIST
2013-09-23 14:11:37,719 INFO GOT OLD LIST
2013-09-23 14:21:38,194 INFO GOT OLD LIST
2013-09-23 14:31:38,532 INFO GOT OLD LIST
2013-09-23 14:41:38,868 INFO GOT OLD LIST
2013-09-23 14:51:39,213 INFO GOT OLD LIST
2013-09-23 15:01:39,581 INFO GOT OLD LIST
2013-09-23 15:11:39,871 INFO GOT OLD LIST
2013-09-23 15:21:40,216 INFO GOT OLD LIST
2013-09-23 15:31:40,650 INFO GOT OLD LIST
2013-09-23 15:41:40,992 INFO GOT OLD LIST
2013-09-23 15:51:41,355 INFO GOT OLD LIST
2013-09-23 16:01:41,661 INFO GOT OLD LIST
2013-09-23 16:11:42,019 INFO GOT OLD LIST
2013-09-23 16:21:42,342 INFO GOT OLD LIST
2013-09-23 16:21:54,717 INFO FOUND A NEW FILE!! New item: \\10.19.110.117\Group\Public Access\Camp\Today's Menu\2013\September 2013\September 23rd Menu.docx
2013-09-23 16:21:54,742 INFO Date found in title is: 23
2013-09-23 16:23:17,720 INFO Emailed!
2013-09-23 16:33:17,717 INFO GOT OLD LIST
2013-09-23 16:33:18,121 INFO FOUND A NEW FILE!! New item: \\10.19.110.117\Group\Public Access\Camp\Today's Menu\2013\September 2013\~$ptember 23rd Menu.docx
2013-09-23 16:33:18,125 INFO Date found in title is: 23
2013-09-23 16:33:18,125 INFO oops just a temporary file, never mind!
2013-09-23 16:43:18,095 INFO GOT OLD LIST
2013-09-23 16:53:18,418 INFO GOT OLD LIST
2013-09-23 17:03:18,759 INFO GOT OLD LIST
2013-09-23 17:13:19,088 INFO GOT OLD LIST
2013-09-23 17:23:19,440 INFO GOT OLD LIST
2013-09-23 17:33:19,766 INFO GOT OLD LIST
2013-09-23 17:43:20,111 INFO GOT OLD LIST
2013-09-23 17:53:20,418 INFO GOT OLD LIST
2013-09-23 18:03:32,779 INFO GOT OLD LIST
2013-09-23 18:13:33,194 INFO GOT OLD LIST
2013-09-23 18:23:33,938 INFO GOT OLD LIST
2013-09-23 18:33:35,789 INFO GOT OLD LIST
2013-09-23 18:43:36,372 INFO GOT OLD LIST
2013-09-23 18:53:36,805 INFO GOT OLD LIST
2013-09-23 19:03:37,176 INFO GOT OLD LIST
2013-09-23 19:13:37,697 INFO GOT OLD LIST
2013-09-23 19:23:38,069 INFO GOT OLD LIST
2013-09-23 19:33:38,470 INFO GOT OLD LIST
2013-09-23 19:43:38,834 INFO GOT OLD LIST
2013-09-23 19:53:39,224 INFO GOT OLD LIST
2013-09-23 20:03:39,576 INFO GOT OLD LIST
2013-09-23 20:13:39,970 INFO GOT OLD LIST
2013-09-23 20:23:40,371 INFO GOT OLD LIST
2013-09-23 20:33:40,762 INFO GOT OLD LIST
2013-09-23 20:43:41,128 INFO GOT OLD LIST
2013-09-23 20:53:41,520 INFO GOT OLD LIST
