2013-08-14 09:00:04,030 INFO GOT OLD LIST
2013-08-14 09:10:04,380 INFO GOT OLD LIST
2013-08-14 09:20:04,671 INFO GOT OLD LIST
2013-08-14 09:30:05,563 INFO GOT OLD LIST
2013-08-14 09:40:05,970 INFO GOT OLD LIST
2013-08-14 09:50:06,319 INFO GOT OLD LIST
2013-08-14 10:00:06,647 INFO GOT OLD LIST
2013-08-14 10:10:06,947 INFO GOT OLD LIST
2013-08-14 10:20:07,256 INFO GOT OLD LIST
2013-08-14 10:30:07,548 INFO GOT OLD LIST
2013-08-14 10:40:19,858 INFO GOT OLD LIST
2013-08-14 10:50:20,210 INFO GOT OLD LIST
2013-08-14 11:00:20,503 INFO GOT OLD LIST
2013-08-14 11:10:32,894 INFO GOT OLD LIST
2013-08-14 11:20:45,220 INFO GOT OLD LIST
2013-08-14 11:30:57,542 INFO GOT OLD LIST
2013-08-14 11:40:57,865 INFO GOT OLD LIST
2013-08-14 11:50:58,161 INFO GOT OLD LIST
2013-08-14 12:00:58,477 INFO GOT OLD LIST
2013-08-14 12:10:58,789 INFO GOT OLD LIST
2013-08-14 12:20:59,052 INFO GOT OLD LIST
2013-08-14 12:30:59,342 INFO GOT OLD LIST
2013-08-14 12:41:11,630 INFO GOT OLD LIST
2013-08-14 12:51:11,956 INFO GOT OLD LIST
2013-08-14 13:01:12,233 INFO GOT OLD LIST
2013-08-14 13:11:24,493 INFO GOT OLD LIST
2013-08-14 13:21:24,823 INFO GOT OLD LIST
2013-08-14 13:31:25,119 INFO GOT OLD LIST
2013-08-14 13:41:25,382 INFO GOT OLD LIST
2013-08-14 13:51:25,667 INFO GOT OLD LIST
2013-08-14 14:01:25,967 INFO GOT OLD LIST
2013-08-14 14:11:26,290 INFO GOT OLD LIST
2013-08-14 14:21:26,588 INFO GOT OLD LIST
2013-08-14 14:21:26,701 INFO FOUND A NEW FILE!! New item: \\10.19.110.117\Group\Public Access\Camp\Today's Menu\2013\August\~$gust 13th Menu.docx
2013-08-14 14:21:26,729 INFO Date found in title is: 13
2013-08-14 14:21:26,730 INFO oops just a temporary file, never mind!
2013-08-14 14:31:26,936 INFO GOT OLD LIST
2013-08-14 14:31:27,009 INFO FOUND A NEW FILE!! New item: \\10.19.110.117\Group\Public Access\Camp\Today's Menu\2013\August\August 14th Menu.docx
2013-08-14 14:31:27,012 INFO Date found in title is: 14
2013-08-14 14:33:28,348 INFO Emailed!
2013-08-14 14:43:28,598 INFO GOT OLD LIST
2013-08-14 14:53:28,898 INFO GOT OLD LIST
2013-08-14 15:03:41,226 INFO GOT OLD LIST
2013-08-14 15:13:43,187 INFO GOT OLD LIST
2013-08-14 15:23:43,904 INFO GOT OLD LIST
2013-08-14 15:33:56,278 INFO GOT OLD LIST
2013-08-14 15:43:56,599 INFO GOT OLD LIST
2013-08-14 15:53:56,931 INFO GOT OLD LIST
2013-08-14 15:53:57,040 INFO FOUND A NEW FILE!! New item: \\10.19.110.117\Group\Public Access\Camp\Today's Menu\2013\August\Lac Des Iles Mines.docx
2013-08-14 17:01:28,275 INFO GOT OLD LIST
2013-08-14 17:01:28,382 INFO FOUND A NEW FILE!! New item: \\10.19.110.117\Group\Public Access\Camp\Today's Menu\2013\August\Lac Des Iles Mines.docx
