2013-09-12 09:00:03,963 INFO GOT OLD LIST
2013-09-12 09:10:04,325 INFO GOT OLD LIST
2013-09-12 09:20:04,647 INFO GOT OLD LIST
2013-09-12 09:30:05,028 INFO GOT OLD LIST
2013-09-12 09:40:05,369 INFO GOT OLD LIST
2013-09-12 09:50:05,749 INFO GOT OLD LIST
2013-09-12 10:00:06,082 INFO GOT OLD LIST
2013-09-12 10:10:06,486 INFO GOT OLD LIST
2013-09-12 10:20:06,869 INFO GOT OLD LIST
2013-09-12 10:30:07,253 INFO GOT OLD LIST
2013-09-12 10:40:07,602 INFO GOT OLD LIST
2013-09-12 10:50:07,986 INFO GOT OLD LIST
2013-09-12 11:00:08,348 INFO GOT OLD LIST
2013-09-12 11:10:08,724 INFO GOT OLD LIST
2013-09-12 11:20:09,098 INFO GOT OLD LIST
2013-09-12 11:30:09,461 INFO GOT OLD LIST
2013-09-12 11:40:09,825 INFO GOT OLD LIST
2013-09-12 11:50:10,204 INFO GOT OLD LIST
2013-09-12 12:00:10,562 INFO GOT OLD LIST
2013-09-12 12:10:10,913 INFO GOT OLD LIST
2013-09-12 12:20:11,256 INFO GOT OLD LIST
2013-09-12 12:30:11,638 INFO GOT OLD LIST
2013-09-12 12:40:12,042 INFO GOT OLD LIST
2013-09-12 12:50:12,384 INFO GOT OLD LIST
2013-09-12 13:00:12,734 INFO GOT OLD LIST
2013-09-12 13:10:13,088 INFO GOT OLD LIST
2013-09-12 13:20:13,451 INFO GOT OLD LIST
2013-09-12 13:30:13,786 INFO GOT OLD LIST
2013-09-12 13:40:14,140 INFO GOT OLD LIST
2013-09-12 13:50:14,503 INFO GOT OLD LIST
2013-09-12 14:00:14,845 INFO GOT OLD LIST
2013-09-12 14:10:15,187 INFO GOT OLD LIST
2013-09-12 14:20:15,573 INFO GOT OLD LIST
2013-09-12 14:30:15,946 INFO GOT OLD LIST
2013-09-12 14:30:16,325 INFO FOUND A NEW FILE!! New item: \\10.19.110.117\Group\Public Access\Camp\Today's Menu\2013\September\September 12th Menu.docx
2013-09-12 14:30:16,325 INFO Date found in title is: 12
2013-09-12 14:30:41,818 INFO Emailed!
2013-09-12 14:40:41,829 INFO GOT OLD LIST
2013-09-12 14:50:42,191 INFO GOT OLD LIST
2013-09-12 15:00:42,525 INFO GOT OLD LIST
2013-09-12 15:00:42,865 INFO FOUND A NEW FILE!! New item: \\10.19.110.117\Group\Public Access\Camp\Today's Menu\2013\September\~$ptember 12th Menu.docx
2013-09-12 15:00:42,865 INFO Date found in title is: 12
2013-09-12 15:00:42,865 INFO oops just a temporary file, never mind!
2013-09-12 15:10:42,888 INFO GOT OLD LIST
2013-09-12 15:20:43,394 INFO GOT OLD LIST
2013-09-12 15:30:43,805 INFO GOT OLD LIST
2013-09-12 15:40:44,171 INFO GOT OLD LIST
2013-09-12 15:50:44,532 INFO GOT OLD LIST
2013-09-12 16:00:44,884 INFO GOT OLD LIST
2013-09-12 16:10:45,247 INFO GOT OLD LIST
2013-09-12 16:20:45,641 INFO GOT OLD LIST
2013-09-12 16:30:46,007 INFO GOT OLD LIST
2013-09-12 16:40:46,381 INFO GOT OLD LIST
2013-09-12 16:50:46,726 INFO GOT OLD LIST
2013-09-12 17:00:47,089 INFO GOT OLD LIST
2013-09-12 17:10:47,493 INFO GOT OLD LIST
2013-09-12 17:20:47,854 INFO GOT OLD LIST
2013-09-12 17:30:48,180 INFO GOT OLD LIST
2013-09-12 17:40:48,592 INFO GOT OLD LIST
2013-09-12 17:50:48,986 INFO GOT OLD LIST
2013-09-12 18:00:49,368 INFO GOT OLD LIST
2013-09-12 18:10:49,711 INFO GOT OLD LIST
2013-09-12 18:20:50,039 INFO GOT OLD LIST
2013-09-12 18:30:50,371 INFO GOT OLD LIST
2013-09-12 18:40:50,793 INFO GOT OLD LIST
2013-09-12 18:50:51,176 INFO GOT OLD LIST
2013-09-12 19:00:51,549 INFO GOT OLD LIST
2013-09-12 19:10:51,923 INFO GOT OLD LIST
2013-09-12 19:20:52,336 INFO GOT OLD LIST
2013-09-12 19:30:52,720 INFO GOT OLD LIST
2013-09-12 19:40:53,141 INFO GOT OLD LIST
2013-09-12 19:50:53,494 INFO GOT OLD LIST
2013-09-12 20:00:53,928 INFO GOT OLD LIST
2013-09-12 20:10:54,309 INFO GOT OLD LIST
2013-09-12 20:20:54,743 INFO GOT OLD LIST
2013-09-12 20:30:55,105 INFO GOT OLD LIST
2013-09-12 20:40:55,466 INFO GOT OLD LIST
2013-09-12 20:50:55,940 INFO GOT OLD LIST
