2013-09-19 09:00:04,825 INFO GOT OLD LIST
2013-09-19 09:10:05,276 INFO GOT OLD LIST
2013-09-19 09:20:05,684 INFO GOT OLD LIST
2013-09-19 09:30:06,073 INFO GOT OLD LIST
2013-09-19 09:40:06,454 INFO GOT OLD LIST
2013-09-19 09:50:06,838 INFO GOT OLD LIST
2013-09-19 10:00:07,217 INFO GOT OLD LIST
2013-09-19 10:10:19,598 INFO GOT OLD LIST
2013-09-19 10:20:19,983 INFO GOT OLD LIST
2013-09-19 10:30:20,322 INFO GOT OLD LIST
2013-09-19 10:40:32,838 INFO GOT OLD LIST
2013-09-19 10:50:33,187 INFO GOT OLD LIST
2013-09-19 11:00:33,529 INFO GOT OLD LIST
2013-09-19 11:10:45,875 INFO GOT OLD LIST
2013-09-19 11:20:58,292 INFO GOT OLD LIST
2013-09-19 11:30:58,694 INFO GOT OLD LIST
2013-09-19 11:40:59,069 INFO GOT OLD LIST
2013-09-19 11:50:59,463 INFO GOT OLD LIST
2013-09-19 12:00:59,548 INFO GOT OLD LIST
2013-09-19 12:10:59,845 INFO GOT OLD LIST
2013-09-19 12:21:12,178 INFO GOT OLD LIST
2013-09-19 12:31:12,551 INFO GOT OLD LIST
2013-09-19 12:41:12,930 INFO GOT OLD LIST
2013-09-19 12:51:13,338 INFO GOT OLD LIST
2013-09-19 13:01:13,710 INFO GOT OLD LIST
2013-09-19 13:11:14,101 INFO GOT OLD LIST
2013-09-19 13:21:14,476 INFO GOT OLD LIST
2013-09-19 13:31:14,875 INFO GOT OLD LIST
2013-09-19 13:41:15,246 INFO GOT OLD LIST
2013-09-19 13:51:15,625 INFO GOT OLD LIST
2013-09-19 14:01:15,984 INFO GOT OLD LIST
2013-09-19 14:01:16,354 INFO FOUND A NEW FILE!! New item: \\10.19.110.117\Group\Public Access\Camp\Today's Menu\September 19th Menu.docx
2013-09-19 14:01:16,375 INFO Date found in title is: 19
2013-09-19 14:01:37,815 INFO Emailed!
2013-09-19 14:01:37,868 INFO Found file after 30 polling intervals. Quitting. 
