2013-08-19 09:00:04,723 INFO GOT OLD LIST
2013-08-19 09:10:05,099 INFO GOT OLD LIST
2013-08-19 09:20:05,395 INFO GOT OLD LIST
2013-08-19 09:30:05,746 INFO GOT OLD LIST
2013-08-19 09:40:06,134 INFO GOT OLD LIST
2013-08-19 09:50:06,398 INFO GOT OLD LIST
2013-08-19 10:00:06,660 INFO GOT OLD LIST
2013-08-19 10:10:06,986 INFO GOT OLD LIST
2013-08-19 10:20:07,357 INFO GOT OLD LIST
2013-08-19 10:30:07,668 INFO GOT OLD LIST
2013-08-19 10:40:07,999 INFO GOT OLD LIST
2013-08-19 10:50:08,244 INFO GOT OLD LIST
2013-08-19 11:00:08,515 INFO GOT OLD LIST
2013-08-19 11:10:08,823 INFO GOT OLD LIST
2013-08-19 11:20:09,151 INFO GOT OLD LIST
2013-08-19 11:30:09,457 INFO GOT OLD LIST
2013-08-19 11:40:09,767 INFO GOT OLD LIST
2013-08-19 11:50:10,088 INFO GOT OLD LIST
2013-08-19 12:00:10,394 INFO GOT OLD LIST
2013-08-19 12:10:10,697 INFO GOT OLD LIST
2013-08-19 12:20:10,990 INFO GOT OLD LIST
2013-08-19 12:30:11,552 INFO GOT OLD LIST
2013-08-19 12:40:11,920 INFO GOT OLD LIST
2013-08-19 12:50:12,542 INFO GOT OLD LIST
2013-08-19 13:00:12,885 INFO GOT OLD LIST
2013-08-19 13:10:13,285 INFO GOT OLD LIST
2013-08-19 13:20:25,773 INFO GOT OLD LIST
2013-08-19 13:30:26,121 INFO GOT OLD LIST
2013-08-19 13:40:26,338 INFO GOT OLD LIST
2013-08-19 13:50:26,980 INFO GOT OLD LIST
2013-08-19 14:00:27,463 INFO GOT OLD LIST
2013-08-19 14:10:27,834 INFO GOT OLD LIST
2013-08-19 14:10:28,128 INFO FOUND A NEW FILE!! New item: \\10.19.110.117\Group\Public Access\Camp\Today's Menu\August 19th Menu.docx
2013-08-19 14:10:28,151 INFO Date found in title is: 19
2013-08-19 14:10:51,194 INFO Emailed!
2013-08-19 14:10:51,200 INFO Found file after 31 polling intervals. Quitting. 
2013-08-19 17:00:02,967 INFO GOT OLD LIST
