2013-09-11 09:00:04,266 INFO GOT OLD LIST
2013-09-11 09:10:04,670 INFO GOT OLD LIST
2013-09-11 09:20:05,098 INFO GOT OLD LIST
2013-09-11 09:30:05,430 INFO GOT OLD LIST
2013-09-11 09:40:05,765 INFO GOT OLD LIST
2013-09-11 09:50:06,128 INFO GOT OLD LIST
2013-09-11 10:00:06,460 INFO GOT OLD LIST
2013-09-11 10:10:06,819 INFO GOT OLD LIST
2013-09-11 10:20:07,180 INFO GOT OLD LIST
2013-09-11 10:30:19,605 INFO GOT OLD LIST
2013-09-11 10:40:20,029 INFO GOT OLD LIST
2013-09-11 10:50:20,382 INFO GOT OLD LIST
2013-09-11 11:00:20,845 INFO GOT OLD LIST
2013-09-11 11:10:21,227 INFO GOT OLD LIST
2013-09-11 11:20:21,644 INFO GOT OLD LIST
2013-09-11 11:20:21,974 INFO FOUND A NEW FILE!! New item: \\10.19.110.117\Group\Public Access\Camp\Today's Menu\2013\September\September 11th Menu.docx
2013-09-11 11:20:21,974 INFO Date found in title is: 11
2013-09-11 11:20:46,887 INFO Emailed!
2013-09-11 11:30:46,951 INFO GOT OLD LIST
2013-09-11 11:40:47,319 INFO GOT OLD LIST
2013-09-11 11:50:47,706 INFO GOT OLD LIST
2013-09-11 12:00:48,163 INFO GOT OLD LIST
2013-09-11 12:10:48,588 INFO GOT OLD LIST
2013-09-11 12:20:48,927 INFO GOT OLD LIST
2013-09-11 12:30:49,309 INFO GOT OLD LIST
2013-09-11 12:40:49,674 INFO GOT OLD LIST
2013-09-11 12:50:50,066 INFO GOT OLD LIST
2013-09-11 13:00:50,417 INFO GOT OLD LIST
2013-09-11 13:10:50,769 INFO GOT OLD LIST
2013-09-11 13:20:51,118 INFO GOT OLD LIST
2013-09-11 13:20:51,428 INFO FOUND A NEW FILE!! New item: \\10.19.110.117\Group\Public Access\Camp\Today's Menu\2013\September\~$ptember 11th Menu.docx
2013-09-11 13:20:51,428 INFO Date found in title is: 11
2013-09-11 13:20:51,428 INFO oops just a temporary file, never mind!
2013-09-11 13:30:51,450 INFO GOT OLD LIST
2013-09-11 13:41:03,803 INFO GOT OLD LIST
2013-09-11 13:51:04,145 INFO GOT OLD LIST
2013-09-11 14:01:04,497 INFO GOT OLD LIST
2013-09-11 14:11:04,842 INFO GOT OLD LIST
2013-09-11 14:21:05,216 INFO GOT OLD LIST
2013-09-11 14:31:05,671 INFO GOT OLD LIST
2013-09-11 14:41:06,033 INFO GOT OLD LIST
2013-09-11 14:51:06,388 INFO GOT OLD LIST
2013-09-11 15:01:06,811 INFO GOT OLD LIST
2013-09-11 15:11:07,203 INFO GOT OLD LIST
2013-09-11 15:21:07,546 INFO GOT OLD LIST
2013-09-11 15:31:07,951 INFO GOT OLD LIST
2013-09-11 15:41:08,354 INFO GOT OLD LIST
2013-09-11 15:51:08,727 INFO GOT OLD LIST
2013-09-11 16:01:09,131 INFO GOT OLD LIST
2013-09-11 16:11:09,506 INFO GOT OLD LIST
2013-09-11 16:21:09,864 INFO GOT OLD LIST
2013-09-11 16:31:10,250 INFO GOT OLD LIST
2013-09-11 16:41:10,650 INFO GOT OLD LIST
2013-09-11 16:51:11,062 INFO GOT OLD LIST
2013-09-11 17:01:11,496 INFO GOT OLD LIST
2013-09-11 17:11:11,779 INFO GOT OLD LIST
2013-09-11 17:21:12,158 INFO GOT OLD LIST
2013-09-11 17:31:12,519 INFO GOT OLD LIST
2013-09-11 17:41:12,895 INFO GOT OLD LIST
2013-09-11 17:51:13,250 INFO GOT OLD LIST
2013-09-11 18:01:13,614 INFO GOT OLD LIST
2013-09-11 18:11:14,105 INFO GOT OLD LIST
2013-09-11 18:21:14,430 INFO GOT OLD LIST
2013-09-11 18:31:14,795 INFO GOT OLD LIST
2013-09-11 18:41:15,157 INFO GOT OLD LIST
2013-09-11 18:51:15,520 INFO GOT OLD LIST
2013-09-11 19:01:15,923 INFO GOT OLD LIST
2013-09-11 19:11:16,315 INFO GOT OLD LIST
2013-09-11 19:21:16,687 INFO GOT OLD LIST
2013-09-11 19:31:17,081 INFO GOT OLD LIST
2013-09-11 19:41:17,446 INFO GOT OLD LIST
2013-09-11 19:51:17,924 INFO GOT OLD LIST
2013-09-11 20:01:18,298 INFO GOT OLD LIST
2013-09-11 20:11:18,671 INFO GOT OLD LIST
2013-09-11 20:21:19,032 INFO GOT OLD LIST
2013-09-11 20:31:19,400 INFO GOT OLD LIST
2013-09-11 20:41:19,743 INFO GOT OLD LIST
2013-09-11 20:51:20,115 INFO GOT OLD LIST
