2013-08-20 09:00:02,940 INFO GOT OLD LIST
2013-08-20 09:10:15,345 INFO GOT OLD LIST
2013-08-20 09:20:27,664 INFO GOT OLD LIST
2013-08-20 09:30:40,026 INFO GOT OLD LIST
2013-08-20 09:40:40,387 INFO GOT OLD LIST
2013-08-20 09:50:40,782 INFO GOT OLD LIST
2013-08-20 10:00:41,142 INFO GOT OLD LIST
2013-08-20 10:10:41,526 INFO GOT OLD LIST
2013-08-20 10:20:41,963 INFO GOT OLD LIST
2013-08-20 10:30:42,325 INFO GOT OLD LIST
2013-08-20 10:40:42,628 INFO GOT OLD LIST
2013-08-20 10:50:54,966 INFO GOT OLD LIST
2013-08-20 11:00:55,315 INFO GOT OLD LIST
2013-08-20 11:10:55,628 INFO GOT OLD LIST
2013-08-20 11:20:56,006 INFO GOT OLD LIST
2013-08-20 11:30:56,398 INFO GOT OLD LIST
2013-08-20 11:40:56,737 INFO GOT OLD LIST
2013-08-20 11:50:57,085 INFO GOT OLD LIST
2013-08-20 12:00:57,414 INFO GOT OLD LIST
2013-08-20 12:00:57,752 INFO FOUND A NEW FILE!! New item: \\10.19.110.117\Group\Public Access\Camp\Today's Menu\August 20th Menu.docx
2013-08-20 12:00:57,867 INFO Date found in title is: 20
2013-08-20 12:01:19,960 INFO Emailed!
2013-08-20 12:01:20,062 INFO Found file after 18 polling intervals. Quitting. 
2013-08-20 17:00:03,937 INFO GOT OLD LIST
