2013-08-31 09:00:03,773 INFO GOT OLD LIST
2013-08-31 09:10:04,117 INFO GOT OLD LIST
2013-08-31 09:20:04,382 INFO GOT OLD LIST
2013-08-31 09:30:04,648 INFO GOT OLD LIST
2013-08-31 09:40:04,924 INFO GOT OLD LIST
2013-08-31 09:50:05,270 INFO GOT OLD LIST
2013-08-31 10:00:05,548 INFO GOT OLD LIST
2013-08-31 10:10:05,872 INFO GOT OLD LIST
2013-08-31 10:20:06,150 INFO GOT OLD LIST
2013-08-31 10:30:06,417 INFO GOT OLD LIST
2013-08-31 10:40:06,822 INFO GOT OLD LIST
2013-08-31 10:50:07,176 INFO GOT OLD LIST
2013-08-31 11:00:07,538 INFO GOT OLD LIST
2013-08-31 11:10:07,862 INFO GOT OLD LIST
2013-08-31 11:20:08,128 INFO GOT OLD LIST
2013-08-31 11:30:08,414 INFO GOT OLD LIST
2013-08-31 11:40:08,726 INFO GOT OLD LIST
2013-08-31 11:50:21,122 INFO GOT OLD LIST
2013-08-31 12:00:21,447 INFO GOT OLD LIST
2013-08-31 12:10:21,743 INFO GOT OLD LIST
2013-08-31 12:20:34,012 INFO GOT OLD LIST
2013-08-31 12:30:34,318 INFO GOT OLD LIST
2013-08-31 12:40:34,584 INFO GOT OLD LIST
2013-08-31 12:50:34,933 INFO GOT OLD LIST
2013-08-31 13:00:35,250 INFO GOT OLD LIST
2013-08-31 13:10:35,526 INFO GOT OLD LIST
2013-08-31 13:20:35,822 INFO GOT OLD LIST
2013-08-31 13:30:36,088 INFO GOT OLD LIST
2013-08-31 13:40:36,398 INFO GOT OLD LIST
2013-08-31 13:50:36,671 INFO GOT OLD LIST
2013-08-31 13:50:36,953 INFO FOUND A NEW FILE!! New item: \\10.19.110.117\Group\Public Access\Camp\Today's Menu\August 31st Menu.docx
2013-08-31 13:50:36,963 INFO Date found in title is: 31
2013-08-31 13:51:03,536 INFO Emailed!
2013-08-31 13:51:03,615 INFO Found file after 29 polling intervals. Quitting. 
