2013-09-17 09:00:05,121 INFO GOT OLD LIST
2013-09-17 09:10:05,453 INFO GOT OLD LIST
2013-09-17 09:20:05,746 INFO GOT OLD LIST
2013-09-17 09:30:06,065 INFO GOT OLD LIST
2013-09-17 09:40:06,500 INFO GOT OLD LIST
2013-09-17 09:50:06,819 INFO GOT OLD LIST
2013-09-17 10:00:07,059 INFO GOT OLD LIST
2013-09-17 10:10:07,444 INFO GOT OLD LIST
2013-09-17 10:20:19,857 INFO GOT OLD LIST
2013-09-17 10:30:20,221 INFO GOT OLD LIST
2013-09-17 10:40:32,599 INFO GOT OLD LIST
2013-09-17 10:50:44,944 INFO GOT OLD LIST
2013-09-17 11:00:57,273 INFO GOT OLD LIST
2013-09-17 11:10:57,677 INFO GOT OLD LIST
2013-09-17 11:20:58,012 INFO GOT OLD LIST
2013-09-17 11:30:58,326 INFO GOT OLD LIST
2013-09-17 11:40:58,637 INFO GOT OLD LIST
2013-09-17 11:50:58,944 INFO GOT OLD LIST
2013-09-17 12:00:59,280 INFO GOT OLD LIST
2013-09-17 12:10:59,559 INFO GOT OLD LIST
2013-09-17 12:21:11,858 INFO GOT OLD LIST
2013-09-17 12:31:12,193 INFO GOT OLD LIST
2013-09-17 12:41:12,505 INFO GOT OLD LIST
2013-09-17 12:51:24,855 INFO GOT OLD LIST
2013-09-17 13:01:25,194 INFO GOT OLD LIST
2013-09-17 13:11:25,517 INFO GOT OLD LIST
2013-09-17 13:21:25,750 INFO GOT OLD LIST
2013-09-17 13:31:26,023 INFO GOT OLD LIST
2013-09-17 13:41:26,329 INFO GOT OLD LIST
2013-09-17 13:51:38,670 INFO GOT OLD LIST
2013-09-17 14:01:39,006 INFO GOT OLD LIST
2013-09-17 14:11:39,378 INFO GOT OLD LIST
2013-09-17 14:21:39,720 INFO GOT OLD LIST
2013-09-17 14:31:40,030 INFO GOT OLD LIST
2013-09-17 14:41:40,309 INFO GOT OLD LIST
2013-09-17 14:51:40,674 INFO GOT OLD LIST
2013-09-17 15:01:41,025 INFO GOT OLD LIST
2013-09-17 15:11:41,342 INFO GOT OLD LIST
2013-09-17 15:21:41,711 INFO GOT OLD LIST
2013-09-17 15:31:42,022 INFO GOT OLD LIST
2013-09-17 15:41:54,296 INFO GOT OLD LIST
2013-09-17 15:51:54,549 INFO GOT OLD LIST
2013-09-17 16:01:54,867 INFO GOT OLD LIST
2013-09-17 16:11:55,206 INFO GOT OLD LIST
2013-09-17 16:21:55,519 INFO GOT OLD LIST
2013-09-17 16:31:55,855 INFO GOT OLD LIST
2013-09-17 16:41:56,216 INFO GOT OLD LIST
2013-09-17 16:51:56,569 INFO GOT OLD LIST
2013-09-17 17:01:56,892 INFO GOT OLD LIST
2013-09-17 17:01:57,207 INFO FOUND A NEW FILE!! New item: \\10.19.110.117\Group\Public Access\Camp\Today's Menu\September 17th Menu.docx
2013-09-17 17:01:57,226 INFO Date found in title is: 17
2013-09-17 17:04:21,940 INFO Emailed!
2013-09-17 17:04:22,094 INFO Found file after 48 polling intervals. Quitting. 
