2013-09-02 09:00:03,279 INFO GOT OLD LIST
2013-09-02 09:00:03,579 INFO FOUND A NEW FILE!! New item: \\10.19.110.117\Group\Public Access\Camp\Today's Menu\September 1st Menu.docx
2013-09-02 09:00:03,589 INFO Date found in title is: 1
2013-09-02 09:10:03,607 INFO GOT OLD LIST
2013-09-02 09:20:03,871 INFO GOT OLD LIST
2013-09-02 09:30:04,147 INFO GOT OLD LIST
2013-09-02 09:40:04,431 INFO GOT OLD LIST
2013-09-02 09:50:04,788 INFO GOT OLD LIST
2013-09-02 10:00:05,101 INFO GOT OLD LIST
2013-09-02 10:10:05,404 INFO GOT OLD LIST
2013-09-02 10:20:05,698 INFO GOT OLD LIST
2013-09-02 10:30:06,003 INFO GOT OLD LIST
2013-09-02 10:40:06,319 INFO GOT OLD LIST
2013-09-02 10:50:06,654 INFO GOT OLD LIST
2013-09-02 11:00:06,953 INFO GOT OLD LIST
2013-09-02 11:10:07,256 INFO GOT OLD LIST
2013-09-02 11:20:07,523 INFO GOT OLD LIST
2013-09-02 11:30:07,809 INFO GOT OLD LIST
2013-09-02 11:40:08,148 INFO GOT OLD LIST
2013-09-02 11:50:08,473 INFO GOT OLD LIST
2013-09-02 12:00:08,743 INFO GOT OLD LIST
2013-09-02 12:10:21,049 INFO GOT OLD LIST
2013-09-02 12:20:21,315 INFO GOT OLD LIST
2013-09-02 12:30:21,642 INFO GOT OLD LIST
2013-09-02 12:40:21,938 INFO GOT OLD LIST
2013-09-02 12:50:22,224 INFO GOT OLD LIST
2013-09-02 13:00:22,525 INFO GOT OLD LIST
2013-09-02 13:10:22,839 INFO GOT OLD LIST
2013-09-02 13:20:23,174 INFO GOT OLD LIST
2013-09-02 13:30:23,440 INFO GOT OLD LIST
2013-09-02 13:40:23,778 INFO GOT OLD LIST
2013-09-02 13:50:24,105 INFO GOT OLD LIST
2013-09-02 14:00:24,421 INFO GOT OLD LIST
2013-09-02 14:10:24,729 INFO GOT OLD LIST
2013-09-02 14:20:25,075 INFO GOT OLD LIST
2013-09-02 14:30:25,355 INFO GOT OLD LIST
2013-09-02 14:40:25,667 INFO GOT OLD LIST
2013-09-02 14:50:25,950 INFO GOT OLD LIST
2013-09-02 15:00:26,247 INFO GOT OLD LIST
2013-09-02 15:00:26,517 INFO FOUND A NEW FILE!! New item: \\10.19.110.117\Group\Public Access\Camp\Today's Menu\September 2nd Menu.docx
2013-09-02 15:00:26,528 INFO Date found in title is: 2
2013-09-02 15:00:51,480 INFO Emailed!
2013-09-02 15:00:51,581 INFO Found file after 36 polling intervals. Quitting. 
