2013-08-18 09:00:03,278 INFO GOT OLD LIST
2013-08-18 09:10:03,588 INFO GOT OLD LIST
2013-08-18 09:20:03,668 INFO GOT OLD LIST
2013-08-18 09:30:03,936 INFO GOT OLD LIST
2013-08-18 09:40:04,164 INFO GOT OLD LIST
2013-08-18 09:50:04,451 INFO GOT OLD LIST
2013-08-18 10:00:04,743 INFO GOT OLD LIST
2013-08-18 10:10:17,049 INFO GOT OLD LIST
2013-08-18 10:20:29,336 INFO GOT OLD LIST
2013-08-18 10:30:29,638 INFO GOT OLD LIST
2013-08-18 10:40:29,940 INFO GOT OLD LIST
2013-08-18 10:50:30,265 INFO GOT OLD LIST
2013-08-18 11:00:30,561 INFO GOT OLD LIST
2013-08-18 11:10:30,901 INFO GOT OLD LIST
2013-08-18 11:20:31,167 INFO GOT OLD LIST
2013-08-18 11:30:43,717 INFO GOT OLD LIST
2013-08-18 11:40:55,905 INFO GOT OLD LIST
2013-08-18 11:50:56,540 INFO GOT OLD LIST
2013-08-18 12:00:57,184 INFO GOT OLD LIST
2013-08-18 12:10:57,911 INFO GOT OLD LIST
2013-08-18 12:20:58,361 INFO GOT OLD LIST
2013-08-18 12:31:10,663 INFO GOT OLD LIST
2013-08-18 12:41:11,005 INFO GOT OLD LIST
2013-08-18 12:51:11,279 INFO GOT OLD LIST
2013-08-18 13:01:11,592 INFO GOT OLD LIST
2013-08-18 13:11:11,884 INFO GOT OLD LIST
2013-08-18 13:21:24,213 INFO GOT OLD LIST
2013-08-18 13:31:24,517 INFO GOT OLD LIST
2013-08-18 13:41:24,803 INFO GOT OLD LIST
2013-08-18 13:51:25,135 INFO GOT OLD LIST
2013-08-18 14:01:25,414 INFO GOT OLD LIST
2013-08-18 14:11:25,727 INFO GOT OLD LIST
2013-08-18 14:21:26,206 INFO GOT OLD LIST
2013-08-18 14:31:26,523 INFO GOT OLD LIST
2013-08-18 14:41:26,805 INFO GOT OLD LIST
2013-08-18 14:51:27,119 INFO GOT OLD LIST
2013-08-18 15:01:27,414 INFO GOT OLD LIST
2013-08-18 15:01:27,691 INFO FOUND A NEW FILE!! New item: \\10.19.110.117\Group\Public Access\Camp\Today's Menu\August 18th Menu.docx
2013-08-18 15:01:27,704 INFO Date found in title is: 18
2013-08-18 15:01:52,829 INFO Emailed!
2013-08-18 15:01:53,032 INFO Found file after 36 polling intervals. Quitting. 
2013-08-18 17:00:02,378 INFO GOT OLD LIST
2013-08-18 17:10:02,740 INFO GOT OLD LIST
2013-08-18 17:20:03,062 INFO GOT OLD LIST
2013-08-18 17:30:15,388 INFO GOT OLD LIST
