2013-09-21 09:00:03,128 INFO GOT OLD LIST
2013-09-21 09:10:15,532 INFO GOT OLD LIST
2013-09-21 09:20:15,943 INFO GOT OLD LIST
2013-09-21 09:30:16,082 INFO GOT OLD LIST
2013-09-21 09:40:16,384 INFO GOT OLD LIST
2013-09-21 09:50:16,719 INFO GOT OLD LIST
2013-09-21 10:00:17,121 INFO GOT OLD LIST
2013-09-21 10:10:17,476 INFO GOT OLD LIST
2013-09-21 10:20:29,861 INFO GOT OLD LIST
2013-09-21 10:30:30,299 INFO GOT OLD LIST
2013-09-21 10:40:30,677 INFO GOT OLD LIST
2013-09-21 10:50:31,073 INFO GOT OLD LIST
2013-09-21 11:00:31,451 INFO GOT OLD LIST
2013-09-21 11:10:31,845 INFO GOT OLD LIST
2013-09-21 11:20:32,230 INFO GOT OLD LIST
2013-09-21 11:30:44,625 INFO GOT OLD LIST
2013-09-21 11:40:57,013 INFO GOT OLD LIST
2013-09-21 11:51:09,421 INFO GOT OLD LIST
2013-09-21 11:51:09,769 INFO FOUND A NEW FILE!! New item: \\10.19.110.117\Group\Public Access\Camp\Today's Menu\2013\September\CEE867D7.tmp
2013-09-21 11:51:09,790 INFO Date found in title is: 867
2013-09-21 11:51:09,802 INFO FOUND A NEW FILE!! New item: \\10.19.110.117\Group\Public Access\Camp\Today's Menu\2013\September\September 21st Menu.docx
2013-09-21 11:51:09,803 INFO Date found in title is: 21
2013-09-21 11:51:32,732 INFO Emailed!
2013-09-21 12:01:32,865 INFO GOT OLD LIST
2013-09-21 12:11:45,263 INFO GOT OLD LIST
2013-09-21 12:21:57,676 INFO GOT OLD LIST
2013-09-21 12:31:58,088 INFO GOT OLD LIST
2013-09-21 12:41:58,482 INFO GOT OLD LIST
2013-09-21 12:51:58,881 INFO GOT OLD LIST
2013-09-21 13:01:59,289 INFO GOT OLD LIST
2013-09-21 13:11:59,671 INFO GOT OLD LIST
2013-09-21 13:22:00,068 INFO GOT OLD LIST
2013-09-21 13:32:00,451 INFO GOT OLD LIST
2013-09-21 13:42:00,851 INFO GOT OLD LIST
2013-09-21 13:52:01,217 INFO GOT OLD LIST
2013-09-21 14:02:13,628 INFO GOT OLD LIST
2013-09-21 14:12:14,026 INFO GOT OLD LIST
2013-09-21 14:22:14,634 INFO GOT OLD LIST
2013-09-21 14:32:27,036 INFO GOT OLD LIST
2013-09-21 14:42:39,443 INFO GOT OLD LIST
2013-09-21 14:52:39,852 INFO GOT OLD LIST
2013-09-21 15:02:40,236 INFO GOT OLD LIST
2013-09-21 15:12:40,651 INFO GOT OLD LIST
2013-09-21 15:22:41,048 INFO GOT OLD LIST
2013-09-21 15:32:41,450 INFO GOT OLD LIST
2013-09-21 15:42:41,825 INFO GOT OLD LIST
2013-09-21 15:52:42,230 INFO GOT OLD LIST
2013-09-21 16:02:42,604 INFO GOT OLD LIST
2013-09-21 16:12:42,986 INFO GOT OLD LIST
2013-09-21 16:22:43,303 INFO GOT OLD LIST
2013-09-21 16:32:43,739 INFO GOT OLD LIST
2013-09-21 16:42:44,108 INFO GOT OLD LIST
2013-09-21 16:52:56,512 INFO GOT OLD LIST
2013-09-21 17:02:56,917 INFO GOT OLD LIST
2013-09-21 17:12:57,290 INFO GOT OLD LIST
2013-09-21 17:22:57,680 INFO GOT OLD LIST
2013-09-21 17:32:58,061 INFO GOT OLD LIST
2013-09-21 17:42:58,444 INFO GOT OLD LIST
2013-09-21 17:52:58,811 INFO GOT OLD LIST
2013-09-21 18:02:59,233 INFO GOT OLD LIST
2013-09-21 18:12:59,556 INFO GOT OLD LIST
2013-09-21 18:22:59,950 INFO GOT OLD LIST
2013-09-21 18:32:59,934 INFO GOT OLD LIST
2013-09-21 18:42:59,858 INFO GOT OLD LIST
2013-09-21 18:53:00,154 INFO GOT OLD LIST
2013-09-21 19:03:00,509 INFO GOT OLD LIST
2013-09-21 19:13:00,858 INFO GOT OLD LIST
2013-09-21 19:23:01,220 INFO GOT OLD LIST
2013-09-21 19:33:01,582 INFO GOT OLD LIST
2013-09-21 19:43:01,950 INFO GOT OLD LIST
2013-09-21 19:53:02,309 INFO GOT OLD LIST
2013-09-21 20:03:02,687 INFO GOT OLD LIST
2013-09-21 20:13:03,039 INFO GOT OLD LIST
2013-09-21 20:23:03,410 INFO GOT OLD LIST
2013-09-21 20:33:03,769 INFO GOT OLD LIST
2013-09-21 20:43:04,128 INFO GOT OLD LIST
2013-09-21 20:53:04,477 INFO GOT OLD LIST
