2013-10-02 09:00:04,505 INFO GOT OLD LIST
2013-10-02 09:10:05,002 INFO GOT OLD LIST
2013-10-02 09:20:05,434 INFO GOT OLD LIST
2013-10-02 09:30:05,869 INFO GOT OLD LIST
2013-10-02 09:40:06,272 INFO GOT OLD LIST
2013-10-02 09:50:06,750 INFO GOT OLD LIST
2013-10-02 10:00:19,147 INFO GOT OLD LIST
2013-10-02 10:10:19,559 INFO GOT OLD LIST
2013-10-02 10:20:19,992 INFO GOT OLD LIST
2013-10-02 10:30:20,512 INFO GOT OLD LIST
2013-10-02 10:40:32,917 INFO GOT OLD LIST
2013-10-02 10:50:33,381 INFO GOT OLD LIST
2013-10-02 11:00:33,829 INFO GOT OLD LIST
2013-10-02 11:10:34,329 INFO GOT OLD LIST
2013-10-02 11:20:34,713 INFO GOT OLD LIST
2013-10-02 11:30:35,137 INFO GOT OLD LIST
2013-10-02 11:40:35,556 INFO GOT OLD LIST
2013-10-02 11:50:36,016 INFO GOT OLD LIST
2013-10-02 12:00:36,507 INFO GOT OLD LIST
2013-10-02 12:10:37,026 INFO GOT OLD LIST
2013-10-02 12:20:37,457 INFO GOT OLD LIST
2013-10-02 12:30:37,915 INFO GOT OLD LIST
2013-10-02 12:40:38,190 INFO GOT OLD LIST
2013-10-02 12:50:38,515 INFO GOT OLD LIST
2013-10-02 13:00:38,907 INFO GOT OLD LIST
2013-10-02 13:10:51,344 INFO GOT OLD LIST
2013-10-02 13:21:03,801 INFO GOT OLD LIST
2013-10-02 13:31:04,211 INFO GOT OLD LIST
2013-10-02 13:41:04,585 INFO GOT OLD LIST
2013-10-02 13:51:04,973 INFO GOT OLD LIST
2013-10-02 13:51:05,270 INFO FOUND A NEW FILE!! New item: \\10.19.110.117\Group\Public Access\Camp\Today's Menu\2013\October\Oct. 2nd Menu.docx
2013-10-02 13:51:05,285 INFO Date found in title is: 2
2013-10-02 13:51:28,691 INFO Emailed!
2013-10-02 14:01:28,862 INFO GOT OLD LIST
2013-10-02 14:11:29,341 INFO GOT OLD LIST
2013-10-02 14:21:29,759 INFO GOT OLD LIST
2013-10-02 14:31:42,224 INFO GOT OLD LIST
2013-10-02 14:41:42,733 INFO GOT OLD LIST
2013-10-02 14:51:43,221 INFO GOT OLD LIST
2013-10-02 15:01:43,676 INFO GOT OLD LIST
2013-10-02 15:11:44,061 INFO GOT OLD LIST
2013-10-02 15:21:56,502 INFO GOT OLD LIST
2013-10-02 15:32:08,953 INFO GOT OLD LIST
2013-10-02 15:42:21,378 INFO GOT OLD LIST
2013-10-02 15:52:33,836 INFO GOT OLD LIST
2013-10-02 16:02:34,303 INFO GOT OLD LIST
2013-10-02 16:12:34,783 INFO GOT OLD LIST
2013-10-02 16:22:35,232 INFO GOT OLD LIST
2013-10-02 16:32:35,680 INFO GOT OLD LIST
2013-10-02 16:42:36,081 INFO GOT OLD LIST
2013-10-02 16:52:36,444 INFO GOT OLD LIST
2013-10-02 17:02:36,894 INFO GOT OLD LIST
2013-10-02 17:12:37,098 INFO GOT OLD LIST
2013-10-02 17:22:49,459 INFO GOT OLD LIST
2013-10-02 17:32:49,881 INFO GOT OLD LIST
2013-10-02 17:42:50,244 INFO GOT OLD LIST
2013-10-02 17:52:50,684 INFO GOT OLD LIST
2013-10-02 18:02:51,082 INFO GOT OLD LIST
2013-10-02 18:12:51,552 INFO GOT OLD LIST
2013-10-02 18:22:51,980 INFO GOT OLD LIST
2013-10-02 18:32:52,403 INFO GOT OLD LIST
2013-10-02 18:42:52,815 INFO GOT OLD LIST
2013-10-02 18:42:53,216 INFO FOUND A NEW FILE!! New item: \\10.19.110.117\Group\Public Access\Camp\Today's Menu\2013\October\~$t. 2nd Menu.docx
2013-10-02 18:42:53,226 INFO Date found in title is: 2
2013-10-02 18:42:53,226 INFO oops just a temporary file, never mind!
2013-10-02 18:52:53,278 INFO GOT OLD LIST
2013-10-02 19:02:53,667 INFO GOT OLD LIST
2013-10-02 19:12:54,134 INFO GOT OLD LIST
2013-10-02 19:22:54,528 INFO GOT OLD LIST
2013-10-02 19:32:54,959 INFO GOT OLD LIST
2013-10-02 19:42:55,384 INFO GOT OLD LIST
2013-10-02 19:52:55,828 INFO GOT OLD LIST
2013-10-02 20:02:56,259 INFO GOT OLD LIST
2013-10-02 20:12:56,667 INFO GOT OLD LIST
2013-10-02 20:22:57,073 INFO GOT OLD LIST
2013-10-02 20:33:09,512 INFO GOT OLD LIST
2013-10-02 20:43:09,934 INFO GOT OLD LIST
2013-10-02 20:53:10,378 INFO GOT OLD LIST
