2013-08-12 09:00:03,099 INFO GOT OLD LIST
2013-08-12 09:10:15,516 INFO GOT OLD LIST
2013-08-12 09:20:15,835 INFO GOT OLD LIST
2013-08-12 09:30:16,135 INFO GOT OLD LIST
2013-08-12 09:40:16,476 INFO GOT OLD LIST
2013-08-12 09:50:16,799 INFO GOT OLD LIST
2013-08-12 10:00:17,151 INFO GOT OLD LIST
2013-08-12 10:10:17,642 INFO GOT OLD LIST
2013-08-12 10:20:17,970 INFO GOT OLD LIST
2013-08-12 10:30:18,318 INFO GOT OLD LIST
2013-08-12 10:40:18,642 INFO GOT OLD LIST
2013-08-12 10:50:30,926 INFO GOT OLD LIST
2013-08-12 11:00:31,220 INFO GOT OLD LIST
2013-08-12 11:01:52,401 INFO GOT OLD LIST
2013-08-12 11:10:31,532 INFO GOT OLD LIST
2013-08-12 11:12:04,717 INFO GOT OLD LIST
2013-08-12 11:20:31,859 INFO GOT OLD LIST
2013-08-12 11:22:05,078 INFO GOT OLD LIST
2013-08-12 11:30:32,206 INFO GOT OLD LIST
2013-08-12 11:32:05,428 INFO GOT OLD LIST
2013-08-12 11:40:32,618 INFO GOT OLD LIST
2013-08-12 11:42:05,789 INFO GOT OLD LIST
2013-08-12 11:50:45,006 INFO GOT OLD LIST
2013-08-12 11:52:06,138 INFO GOT OLD LIST
2013-08-12 12:00:57,480 INFO GOT OLD LIST
2013-08-12 12:02:06,479 INFO GOT OLD LIST
2013-08-12 12:11:09,875 INFO GOT OLD LIST
2013-08-12 12:12:06,822 INFO GOT OLD LIST
2013-08-12 12:21:10,193 INFO GOT OLD LIST
2013-08-12 12:22:07,140 INFO GOT OLD LIST
2013-08-12 12:31:22,517 INFO GOT OLD LIST
2013-08-12 12:32:07,263 INFO GOT OLD LIST
2013-08-12 12:41:22,875 INFO GOT OLD LIST
2013-08-12 12:42:07,400 INFO GOT OLD LIST
2013-08-12 12:51:23,276 INFO GOT OLD LIST
2013-08-12 12:52:07,760 INFO GOT OLD LIST
2013-08-12 13:01:23,644 INFO GOT OLD LIST
2013-08-12 13:01:23,938 INFO FOUND A NEW FILE!! New item: \\10.19.110.117\Group\Public Access\Camp\Today's Menu\~$gust 11th Menu.docx
2013-08-12 13:01:23,951 INFO Date found in title is: 11
2013-08-12 13:01:23,951 INFO oops just a temporary file, never mind!
2013-08-12 13:02:08,118 INFO GOT OLD LIST
2013-08-12 13:11:23,773 INFO GOT OLD LIST
2013-08-12 13:12:08,273 INFO GOT OLD LIST
2013-08-12 13:21:24,066 INFO GOT OLD LIST
2013-08-12 13:21:24,430 INFO FOUND A NEW FILE!! New item: \\10.19.110.117\Group\Public Access\Camp\Today's Menu\August 12th Menu.docx
2013-08-12 13:21:24,433 INFO Date found in title is: 12
2013-08-12 13:22:08,536 INFO GOT OLD LIST
2013-08-12 13:22:08,642 INFO FOUND A NEW FILE!! New item: \\10.19.110.117\Group\Public Access\Camp\Today's Menu\August 12th Menu.docx
2013-08-12 13:22:08,644 INFO Date found in title is: 12
2013-08-12 13:22:29,594 INFO Emailed!
2013-08-12 13:22:29,595 INFO Found file after 14 polling intervals. Quitting. 
2013-08-12 16:01:56,382 INFO GOT OLD LIST
