2013-08-21 09:00:03,835 INFO GOT OLD LIST
2013-08-21 09:10:04,135 INFO GOT OLD LIST
2013-08-21 09:20:04,355 INFO GOT OLD LIST
2013-08-21 09:30:04,664 INFO GOT OLD LIST
2013-08-21 09:40:04,926 INFO GOT OLD LIST
2013-08-21 09:50:05,197 INFO GOT OLD LIST
2013-08-21 10:00:05,492 INFO GOT OLD LIST
2013-08-21 10:10:05,920 INFO GOT OLD LIST
2013-08-21 10:20:06,211 INFO GOT OLD LIST
2013-08-21 10:30:06,473 INFO GOT OLD LIST
2013-08-21 10:40:06,763 INFO GOT OLD LIST
2013-08-21 10:50:07,065 INFO GOT OLD LIST
2013-08-21 11:00:07,348 INFO GOT OLD LIST
2013-08-21 11:10:08,289 INFO GOT OLD LIST
2013-08-21 11:20:09,058 INFO GOT OLD LIST
2013-08-21 11:30:09,447 INFO GOT OLD LIST
2013-08-21 11:40:09,805 INFO GOT OLD LIST
2013-08-21 11:50:10,276 INFO GOT OLD LIST
2013-08-21 12:00:10,632 INFO GOT OLD LIST
2013-08-21 12:10:11,022 INFO GOT OLD LIST
2013-08-21 12:20:11,318 INFO GOT OLD LIST
2013-08-21 12:30:11,664 INFO GOT OLD LIST
2013-08-21 12:40:12,019 INFO GOT OLD LIST
2013-08-21 12:50:12,391 INFO GOT OLD LIST
2013-08-21 13:00:12,714 INFO GOT OLD LIST
2013-08-21 13:10:25,082 INFO GOT OLD LIST
2013-08-21 13:20:25,776 INFO GOT OLD LIST
2013-08-21 13:30:26,148 INFO GOT OLD LIST
2013-08-21 13:40:26,476 INFO GOT OLD LIST
2013-08-21 13:50:26,881 INFO GOT OLD LIST
2013-08-21 14:00:27,267 INFO GOT OLD LIST
2013-08-21 14:10:27,584 INFO GOT OLD LIST
2013-08-21 14:20:28,053 INFO GOT OLD LIST
2013-08-21 14:30:28,375 INFO GOT OLD LIST
2013-08-21 14:40:28,717 INFO GOT OLD LIST
2013-08-21 14:50:29,033 INFO GOT OLD LIST
2013-08-21 15:00:41,384 INFO GOT OLD LIST
2013-08-21 15:00:41,710 INFO FOUND A NEW FILE!! New item: \\10.19.110.117\Group\Public Access\Camp\Today's Menu\August 21st Menu.docx
2013-08-21 15:00:41,730 INFO Date found in title is: 21
2013-08-21 15:01:05,927 INFO Emailed!
2013-08-21 15:01:06,032 INFO Found file after 36 polling intervals. Quitting. 
2013-08-21 17:00:02,953 INFO GOT OLD LIST
2013-08-21 17:10:03,328 INFO GOT OLD LIST
