2013-08-13 09:00:04,213 INFO GOT OLD LIST
2013-08-13 09:00:04,614 INFO FOUND A NEW FILE!! New item: \\10.19.110.117\Group\Public Access\Camp\Today's Menu\~$gust 12th Menu.docx
2013-08-13 09:00:04,615 INFO Date found in title is: 12
2013-08-13 09:00:04,615 INFO oops just a temporary file, never mind!
2013-08-13 09:10:04,802 INFO GOT OLD LIST
2013-08-13 09:20:05,278 INFO GOT OLD LIST
2013-08-13 09:30:05,601 INFO GOT OLD LIST
2013-08-13 09:40:05,977 INFO GOT OLD LIST
2013-08-13 09:50:06,428 INFO GOT OLD LIST
2013-08-13 10:00:06,844 INFO GOT OLD LIST
2013-08-13 10:10:07,403 INFO GOT OLD LIST
2013-08-13 10:20:19,783 INFO GOT OLD LIST
2013-08-13 10:30:20,288 INFO GOT OLD LIST
2013-08-13 10:40:21,332 INFO GOT OLD LIST
2013-08-13 10:50:24,519 INFO GOT OLD LIST
2013-08-13 11:00:37,101 INFO GOT OLD LIST
2013-08-13 11:10:37,517 INFO GOT OLD LIST
2013-08-13 11:20:37,967 INFO GOT OLD LIST
2013-08-13 11:30:38,644 INFO GOT OLD LIST
2013-08-13 11:40:39,026 INFO GOT OLD LIST
2013-08-13 11:50:39,266 INFO GOT OLD LIST
2013-08-13 11:50:51,604 INFO FOUND A NEW FILE!! New item: \\10.19.110.117\Group\Public Access\Camp\Today's Menu\August 13th Menu.docx
2013-08-13 11:50:51,618 INFO Date found in title is: 13
2013-08-13 11:52:52,670 INFO Emailed!
2013-08-13 11:52:52,726 INFO Found file after 17 polling intervals. Quitting. 
