2013-09-09 09:00:03,411 INFO GOT OLD LIST
2013-09-09 09:10:03,796 INFO GOT OLD LIST
2013-09-09 09:20:04,118 INFO GOT OLD LIST
2013-09-09 09:30:04,490 INFO GOT OLD LIST
2013-09-09 09:40:04,846 INFO GOT OLD LIST
2013-09-09 09:50:05,200 INFO GOT OLD LIST
2013-09-09 10:00:05,549 INFO GOT OLD LIST
2013-09-09 10:10:05,941 INFO GOT OLD LIST
2013-09-09 10:20:06,288 INFO GOT OLD LIST
2013-09-09 10:30:06,635 INFO GOT OLD LIST
2013-09-09 10:40:06,973 INFO GOT OLD LIST
2013-09-09 10:50:07,335 INFO GOT OLD LIST
2013-09-09 11:00:07,709 INFO GOT OLD LIST
2013-09-09 11:10:08,072 INFO GOT OLD LIST
2013-09-09 11:20:08,414 INFO GOT OLD LIST
2013-09-09 11:30:08,798 INFO GOT OLD LIST
2013-09-09 11:40:09,210 INFO GOT OLD LIST
2013-09-09 11:50:09,584 INFO GOT OLD LIST
2013-09-09 12:00:09,976 INFO GOT OLD LIST
2013-09-09 12:10:10,349 INFO GOT OLD LIST
2013-09-09 12:20:10,704 INFO GOT OLD LIST
2013-09-09 12:30:11,022 INFO GOT OLD LIST
2013-09-09 12:40:11,374 INFO GOT OLD LIST
2013-09-09 12:50:11,690 INFO GOT OLD LIST
2013-09-09 13:00:12,068 INFO GOT OLD LIST
2013-09-09 13:10:12,552 INFO GOT OLD LIST
2013-09-09 13:20:12,914 INFO GOT OLD LIST
2013-09-09 13:30:13,236 INFO GOT OLD LIST
2013-09-09 13:40:13,640 INFO GOT OLD LIST
2013-09-09 13:50:14,000 INFO GOT OLD LIST
2013-09-09 14:00:14,354 INFO GOT OLD LIST
2013-09-09 14:10:14,756 INFO GOT OLD LIST
2013-09-09 14:20:15,141 INFO GOT OLD LIST
2013-09-09 14:30:15,611 INFO GOT OLD LIST
2013-09-09 14:40:16,049 INFO GOT OLD LIST
2013-09-09 14:50:16,453 INFO GOT OLD LIST
2013-09-09 15:00:16,846 INFO GOT OLD LIST
2013-09-09 15:10:17,190 INFO GOT OLD LIST
2013-09-09 15:20:17,510 INFO GOT OLD LIST
2013-09-09 15:30:17,914 INFO GOT OLD LIST
2013-09-09 15:40:18,269 INFO GOT OLD LIST
2013-09-09 15:50:18,683 INFO GOT OLD LIST
2013-09-09 16:00:19,003 INFO GOT OLD LIST
2013-09-09 16:10:19,437 INFO GOT OLD LIST
2013-09-09 16:10:19,796 INFO FOUND A NEW FILE!! New item: \\10.19.110.117\Group\Public Access\Camp\Today's Menu\2013\September\September 9th.docx
2013-09-09 16:10:19,806 INFO Date found in title is: 9
2013-09-09 16:10:46,259 INFO Emailed!
2013-09-09 16:20:46,269 INFO GOT OLD LIST
2013-09-09 16:30:46,634 INFO GOT OLD LIST
2013-09-09 16:40:46,976 INFO GOT OLD LIST
2013-09-09 16:50:47,359 INFO GOT OLD LIST
2013-09-09 17:00:47,742 INFO GOT OLD LIST
2013-09-09 17:10:48,104 INFO GOT OLD LIST
2013-09-09 17:20:48,450 INFO GOT OLD LIST
2013-09-09 17:20:48,809 INFO FOUND A NEW FILE!! New item: \\10.19.110.117\Group\Public Access\Camp\Today's Menu\2013\September\~$ptember 9th.docx
2013-09-09 17:20:48,809 INFO Date found in title is: 9
2013-09-09 17:20:48,809 INFO oops just a temporary file, never mind!
2013-09-09 17:30:48,832 INFO GOT OLD LIST
2013-09-09 17:40:49,216 INFO GOT OLD LIST
2013-09-09 17:50:49,608 INFO GOT OLD LIST
2013-09-09 18:01:02,012 INFO GOT OLD LIST
2013-09-09 18:11:02,395 INFO GOT OLD LIST
2013-09-09 18:21:02,711 INFO GOT OLD LIST
2013-09-09 18:31:03,094 INFO GOT OLD LIST
2013-09-09 18:41:03,497 INFO GOT OLD LIST
2013-09-09 18:51:03,880 INFO GOT OLD LIST
2013-09-09 19:01:04,283 INFO GOT OLD LIST
2013-09-09 19:11:04,716 INFO GOT OLD LIST
2013-09-09 19:21:05,075 INFO GOT OLD LIST
2013-09-09 19:31:05,500 INFO GOT OLD LIST
2013-09-09 19:41:05,892 INFO GOT OLD LIST
2013-09-09 19:51:06,315 INFO GOT OLD LIST
2013-09-09 20:01:06,677 INFO GOT OLD LIST
2013-09-09 20:11:19,088 INFO GOT OLD LIST
2013-09-09 20:21:19,411 INFO GOT OLD LIST
2013-09-09 20:31:19,803 INFO GOT OLD LIST
2013-09-09 20:41:20,187 INFO GOT OLD LIST
2013-09-09 20:51:20,591 INFO GOT OLD LIST
