2013-12-22 09:00:00,545 INFO GOT OLD LIST
2013-12-22 09:00:07,114 INFO FOUND A NEW FILE!! New item: \\10.19.110.117\Group\Public Access\Camp\Today's Menu\2013\December 2013\December 21st Menu.docx
2013-12-22 09:00:07,114 INFO Date found in title is: 21
2013-12-22 09:00:07,115 INFO FOUND A NEW FILE!! New item: \\10.19.110.117\Group\Public Access\Camp\Today's Menu\2013\December 2013\December 22nd Menu.docx
2013-12-22 09:00:07,115 INFO Date found in title is: 22
2013-12-22 09:02:08,880 INFO Emailed!
2013-12-22 09:12:09,295 INFO GOT OLD LIST
2013-12-22 09:22:22,072 INFO GOT OLD LIST
2013-12-22 09:32:34,543 INFO GOT OLD LIST
2013-12-22 09:42:47,167 INFO GOT OLD LIST
2013-12-22 09:52:47,707 INFO GOT OLD LIST
2013-12-22 10:02:48,210 INFO GOT OLD LIST
2013-12-22 10:13:00,667 INFO GOT OLD LIST
2013-12-22 10:23:13,147 INFO GOT OLD LIST
2013-12-22 10:33:25,634 INFO GOT OLD LIST
2013-12-22 10:43:26,190 INFO GOT OLD LIST
2013-12-22 10:53:26,829 INFO GOT OLD LIST
2013-12-22 11:03:27,398 INFO GOT OLD LIST
2013-12-22 11:13:39,581 INFO GOT OLD LIST
2013-12-22 11:23:52,013 INFO GOT OLD LIST
2013-12-22 11:34:04,569 INFO GOT OLD LIST
2013-12-22 11:44:05,257 INFO GOT OLD LIST
2013-12-22 11:54:05,773 INFO GOT OLD LIST
2013-12-22 12:04:06,278 INFO GOT OLD LIST
2013-12-22 12:14:06,793 INFO GOT OLD LIST
2013-12-22 12:24:19,266 INFO GOT OLD LIST
2013-12-22 12:34:19,885 INFO GOT OLD LIST
2013-12-22 12:44:20,381 INFO GOT OLD LIST
2013-12-22 12:54:20,871 INFO GOT OLD LIST
2013-12-22 13:04:21,377 INFO GOT OLD LIST
2013-12-22 13:14:21,888 INFO GOT OLD LIST
2013-12-22 13:24:34,551 INFO GOT OLD LIST
2013-12-22 13:34:35,075 INFO GOT OLD LIST
2013-12-22 13:44:35,617 INFO GOT OLD LIST
2013-12-22 13:54:36,160 INFO GOT OLD LIST
2013-12-22 14:04:36,642 INFO GOT OLD LIST
2013-12-22 14:14:37,200 INFO GOT OLD LIST
2013-12-22 14:24:37,756 INFO GOT OLD LIST
2013-12-22 14:34:38,296 INFO GOT OLD LIST
2013-12-22 14:44:50,823 INFO GOT OLD LIST
2013-12-22 14:54:51,388 INFO GOT OLD LIST
2013-12-22 15:04:51,868 INFO GOT OLD LIST
2013-12-22 15:14:52,378 INFO GOT OLD LIST
2013-12-22 15:24:52,930 INFO GOT OLD LIST
2013-12-22 15:34:53,474 INFO GOT OLD LIST
2013-12-22 15:44:53,638 INFO GOT OLD LIST
2013-12-22 15:54:53,986 INFO GOT OLD LIST
2013-12-22 16:04:54,483 INFO GOT OLD LIST
2013-12-22 16:14:55,082 INFO GOT OLD LIST
2013-12-22 16:25:07,647 INFO GOT OLD LIST
2013-12-22 16:35:08,112 INFO GOT OLD LIST
2013-12-22 16:45:08,642 INFO GOT OLD LIST
2013-12-22 16:55:09,150 INFO GOT OLD LIST
2013-12-22 17:05:09,782 INFO GOT OLD LIST
2013-12-22 17:15:22,319 INFO GOT OLD LIST
2013-12-22 17:25:22,835 INFO GOT OLD LIST
2013-12-22 17:35:23,290 INFO GOT OLD LIST
