2013-09-10 09:00:03,479 INFO GOT OLD LIST
2013-09-10 09:10:03,859 INFO GOT OLD LIST
2013-09-10 09:20:04,211 INFO GOT OLD LIST
2013-09-10 09:30:04,585 INFO GOT OLD LIST
2013-09-10 09:40:04,938 INFO GOT OLD LIST
2013-09-10 09:50:05,341 INFO GOT OLD LIST
2013-09-10 10:00:05,694 INFO GOT OLD LIST
2013-09-10 10:10:06,118 INFO GOT OLD LIST
2013-09-10 10:20:06,447 INFO GOT OLD LIST
2013-09-10 10:30:06,898 INFO GOT OLD LIST
2013-09-10 10:40:07,278 INFO GOT OLD LIST
2013-09-10 10:50:07,697 INFO GOT OLD LIST
2013-09-10 11:00:08,052 INFO GOT OLD LIST
2013-09-10 11:10:08,437 INFO GOT OLD LIST
2013-09-10 11:20:08,799 INFO GOT OLD LIST
2013-09-10 11:30:09,164 INFO GOT OLD LIST
2013-09-10 11:40:09,569 INFO GOT OLD LIST
2013-09-10 11:50:09,980 INFO GOT OLD LIST
2013-09-10 12:00:10,332 INFO GOT OLD LIST
2013-09-10 12:10:10,755 INFO GOT OLD LIST
2013-09-10 12:20:11,098 INFO GOT OLD LIST
2013-09-10 12:30:11,520 INFO GOT OLD LIST
2013-09-10 12:40:11,914 INFO GOT OLD LIST
2013-09-10 12:50:12,296 INFO GOT OLD LIST
2013-09-10 13:00:12,688 INFO GOT OLD LIST
2013-09-10 13:10:13,091 INFO GOT OLD LIST
2013-09-10 13:20:13,459 INFO GOT OLD LIST
2013-09-10 13:30:13,821 INFO GOT OLD LIST
2013-09-10 13:40:14,154 INFO GOT OLD LIST
2013-09-10 13:50:14,506 INFO GOT OLD LIST
2013-09-10 14:00:14,839 INFO GOT OLD LIST
2013-09-10 14:10:15,263 INFO GOT OLD LIST
2013-09-10 14:20:15,665 INFO GOT OLD LIST
2013-09-10 14:30:16,049 INFO GOT OLD LIST
2013-09-10 14:40:16,453 INFO GOT OLD LIST
2013-09-10 14:40:16,854 INFO FOUND A NEW FILE!! New item: \\10.19.110.117\Group\Public Access\Camp\Today's Menu\2013\September\September 10th Menu.docx
2013-09-10 14:40:16,854 INFO Date found in title is: 10
2013-09-10 14:40:41,556 INFO Emailed!
2013-09-10 14:50:41,569 INFO GOT OLD LIST
2013-09-10 15:00:41,969 INFO GOT OLD LIST
2013-09-10 15:10:42,364 INFO GOT OLD LIST
2013-09-10 15:20:42,707 INFO GOT OLD LIST
2013-09-10 15:30:43,119 INFO GOT OLD LIST
2013-09-10 15:40:43,502 INFO GOT OLD LIST
2013-09-10 15:50:43,819 INFO GOT OLD LIST
2013-09-10 16:00:44,246 INFO GOT OLD LIST
2013-09-10 16:10:44,591 INFO GOT OLD LIST
2013-09-10 16:20:45,003 INFO GOT OLD LIST
2013-09-10 16:30:45,367 INFO GOT OLD LIST
2013-09-10 16:40:45,732 INFO GOT OLD LIST
2013-09-10 16:50:46,127 INFO GOT OLD LIST
2013-09-10 17:00:46,542 INFO GOT OLD LIST
2013-09-10 17:10:46,888 INFO GOT OLD LIST
2013-09-10 17:20:47,257 INFO GOT OLD LIST
2013-09-10 17:20:47,578 INFO FOUND A NEW FILE!! New item: \\10.19.110.117\Group\Public Access\Camp\Today's Menu\2013\September\~$ptember 10th Menu.docx
2013-09-10 17:20:47,578 INFO Date found in title is: 10
2013-09-10 17:20:47,578 INFO oops just a temporary file, never mind!
2013-09-10 17:30:47,588 INFO GOT OLD LIST
2013-09-10 17:40:47,963 INFO GOT OLD LIST
2013-09-10 17:50:48,411 INFO GOT OLD LIST
2013-09-10 18:01:00,838 INFO GOT OLD LIST
2013-09-10 18:11:01,223 INFO GOT OLD LIST
2013-09-10 18:21:01,542 INFO GOT OLD LIST
2013-09-10 18:31:01,947 INFO GOT OLD LIST
2013-09-10 18:41:02,331 INFO GOT OLD LIST
2013-09-10 18:51:02,733 INFO GOT OLD LIST
2013-09-10 19:01:03,085 INFO GOT OLD LIST
2013-09-10 19:11:03,497 INFO GOT OLD LIST
2013-09-10 19:21:03,852 INFO GOT OLD LIST
2013-09-10 19:31:04,246 INFO GOT OLD LIST
2013-09-10 19:41:04,591 INFO GOT OLD LIST
2013-09-10 19:51:04,964 INFO GOT OLD LIST
2013-09-10 20:01:05,357 INFO GOT OLD LIST
2013-09-10 20:11:05,750 INFO GOT OLD LIST
2013-09-10 20:21:06,092 INFO GOT OLD LIST
2013-09-10 20:31:06,516 INFO GOT OLD LIST
2013-09-10 20:41:06,858 INFO GOT OLD LIST
2013-09-10 20:51:07,223 INFO GOT OLD LIST
