2013-09-14 09:00:02,966 INFO GOT OLD LIST
2013-09-14 09:00:03,280 INFO FOUND A NEW FILE!! New item: \\10.19.110.117\Group\Public Access\Camp\Today's Menu\September 13th Menu.docx
2013-09-14 09:00:03,280 INFO Date found in title is: 13
2013-09-14 09:10:03,371 INFO GOT OLD LIST
2013-09-14 09:20:03,756 INFO GOT OLD LIST
2013-09-14 09:30:04,443 INFO GOT OLD LIST
2013-09-14 09:40:04,984 INFO GOT OLD LIST
2013-09-14 09:50:05,358 INFO GOT OLD LIST
2013-09-14 10:00:17,667 INFO GOT OLD LIST
2013-09-14 10:10:30,002 INFO GOT OLD LIST
2013-09-14 10:20:42,305 INFO GOT OLD LIST
2013-09-14 10:30:42,618 INFO GOT OLD LIST
2013-09-14 10:40:42,914 INFO GOT OLD LIST
2013-09-14 10:50:55,197 INFO GOT OLD LIST
2013-09-14 11:00:55,507 INFO GOT OLD LIST
2013-09-14 11:10:55,858 INFO GOT OLD LIST
2013-09-14 11:20:56,253 INFO GOT OLD LIST
2013-09-14 11:31:08,608 INFO GOT OLD LIST
2013-09-14 11:41:08,953 INFO GOT OLD LIST
2013-09-14 11:51:09,255 INFO GOT OLD LIST
2013-09-14 12:01:09,561 INFO GOT OLD LIST
2013-09-14 12:11:09,865 INFO GOT OLD LIST
2013-09-14 12:21:10,160 INFO GOT OLD LIST
2013-09-14 12:31:10,456 INFO GOT OLD LIST
2013-09-14 12:41:10,795 INFO GOT OLD LIST
2013-09-14 12:51:11,114 INFO GOT OLD LIST
2013-09-14 13:01:11,486 INFO GOT OLD LIST
2013-09-14 13:11:11,907 INFO GOT OLD LIST
2013-09-14 13:21:12,194 INFO GOT OLD LIST
2013-09-14 13:31:24,536 INFO GOT OLD LIST
2013-09-14 13:41:24,867 INFO GOT OLD LIST
2013-09-14 13:51:25,164 INFO GOT OLD LIST
2013-09-14 14:01:25,473 INFO GOT OLD LIST
2013-09-14 14:11:25,752 INFO GOT OLD LIST
2013-09-14 14:11:26,066 INFO FOUND A NEW FILE!! New item: \\10.19.110.117\Group\Public Access\Camp\Today's Menu\September 14th Menu.docx
2013-09-14 14:11:26,082 INFO Date found in title is: 14
2013-09-14 14:11:49,040 INFO Emailed!
2013-09-14 14:11:49,049 INFO Found file after 31 polling intervals. Quitting. 
