2013-08-30 09:00:03,714 INFO GOT OLD LIST
2013-08-30 09:10:04,069 INFO GOT OLD LIST
2013-08-30 09:20:04,408 INFO GOT OLD LIST
2013-08-30 09:30:04,704 INFO GOT OLD LIST
2013-08-30 09:40:05,062 INFO GOT OLD LIST
2013-08-30 09:50:05,392 INFO GOT OLD LIST
2013-08-30 10:00:05,736 INFO GOT OLD LIST
2013-08-30 10:10:06,082 INFO GOT OLD LIST
2013-08-30 10:20:06,507 INFO GOT OLD LIST
2013-08-30 10:30:06,865 INFO GOT OLD LIST
2013-08-30 10:40:07,252 INFO GOT OLD LIST
2013-08-30 10:50:07,602 INFO GOT OLD LIST
2013-08-30 11:00:07,953 INFO GOT OLD LIST
2013-08-30 11:10:08,302 INFO GOT OLD LIST
2013-08-30 11:20:20,670 INFO GOT OLD LIST
2013-08-30 11:30:21,055 INFO GOT OLD LIST
2013-08-30 11:40:21,502 INFO GOT OLD LIST
2013-08-30 11:50:21,838 INFO GOT OLD LIST
2013-08-30 11:50:22,219 INFO FOUND A NEW FILE!! New item: \\10.19.110.117\Group\Public Access\Camp\Today's Menu\August 30th Menu.docx
2013-08-30 11:50:22,219 INFO Date found in title is: 30
2013-08-30 11:50:48,303 INFO Emailed!
2013-08-30 11:50:48,303 INFO Found file after 17 polling intervals. Quitting. 
