2013-09-30 09:00:04,737 INFO GOT OLD LIST
2013-09-30 09:00:05,148 INFO FOUND A NEW FILE!! New item: \\10.19.110.117\Group\Public Access\Camp\Today's Menu\Sept.29,2013.docx
2013-09-30 09:00:05,148 INFO Date found in title is: 29
2013-09-30 09:10:05,168 INFO GOT OLD LIST
2013-09-30 09:20:05,548 INFO GOT OLD LIST
2013-09-30 09:30:05,954 INFO GOT OLD LIST
2013-09-30 09:40:06,368 INFO GOT OLD LIST
2013-09-30 09:50:06,776 INFO GOT OLD LIST
2013-09-30 10:00:07,160 INFO GOT OLD LIST
2013-09-30 10:10:07,601 INFO GOT OLD LIST
2013-09-30 10:20:08,003 INFO GOT OLD LIST
2013-09-30 10:30:08,388 INFO GOT OLD LIST
2013-09-30 10:40:08,798 INFO GOT OLD LIST
2013-09-30 10:50:09,157 INFO GOT OLD LIST
2013-09-30 11:00:09,497 INFO GOT OLD LIST
2013-09-30 11:10:09,849 INFO GOT OLD LIST
2013-09-30 11:20:22,257 INFO GOT OLD LIST
2013-09-30 11:30:22,654 INFO GOT OLD LIST
2013-09-30 11:40:23,026 INFO GOT OLD LIST
2013-09-30 11:50:23,414 INFO GOT OLD LIST
2013-09-30 12:00:35,858 INFO GOT OLD LIST
2013-09-30 12:10:36,273 INFO GOT OLD LIST
2013-09-30 12:20:36,658 INFO GOT OLD LIST
2013-09-30 12:30:37,098 INFO GOT OLD LIST
2013-09-30 12:40:37,563 INFO GOT OLD LIST
2013-09-30 12:50:38,013 INFO GOT OLD LIST
2013-09-30 13:00:38,431 INFO GOT OLD LIST
2013-09-30 13:10:50,734 INFO GOT OLD LIST
2013-09-30 13:20:51,015 INFO GOT OLD LIST
2013-09-30 13:30:51,338 INFO GOT OLD LIST
2013-09-30 13:40:51,703 INFO GOT OLD LIST
2013-09-30 13:51:04,089 INFO GOT OLD LIST
2013-09-30 14:01:04,497 INFO GOT OLD LIST
2013-09-30 14:11:04,969 INFO GOT OLD LIST
2013-09-30 14:21:05,414 INFO GOT OLD LIST
2013-09-30 14:31:05,861 INFO GOT OLD LIST
2013-09-30 14:41:06,269 INFO GOT OLD LIST
2013-09-30 14:51:18,687 INFO GOT OLD LIST
2013-09-30 14:51:31,071 INFO FOUND A NEW FILE!! New item: \\10.19.110.117\Group\Public Access\Camp\Today's Menu\Sept.30,2013.docx
2013-09-30 14:51:31,082 INFO Date found in title is: 30
2013-09-30 14:51:52,098 INFO Emailed!
2013-09-30 14:51:52,105 INFO Found file after 35 polling intervals. Quitting. 
