2013-08-22 09:00:03,148 INFO GOT OLD LIST
2013-08-22 09:10:03,381 INFO GOT OLD LIST
2013-08-22 09:20:03,575 INFO GOT OLD LIST
2013-08-22 09:30:03,805 INFO GOT OLD LIST
2013-08-22 09:40:04,023 INFO GOT OLD LIST
2013-08-22 09:50:04,301 INFO GOT OLD LIST
2013-08-22 10:00:04,549 INFO GOT OLD LIST
2013-08-22 10:10:04,838 INFO GOT OLD LIST
2013-08-22 10:20:05,151 INFO GOT OLD LIST
2013-08-22 10:30:05,427 INFO GOT OLD LIST
2013-08-22 10:40:05,670 INFO GOT OLD LIST
2013-08-22 10:50:05,941 INFO GOT OLD LIST
2013-08-22 11:00:06,190 INFO GOT OLD LIST
2013-08-22 11:10:06,464 INFO GOT OLD LIST
2013-08-22 11:20:06,677 INFO GOT OLD LIST
2013-08-22 11:30:19,105 INFO GOT OLD LIST
2013-08-22 11:40:19,359 INFO GOT OLD LIST
2013-08-22 11:50:19,615 INFO GOT OLD LIST
2013-08-22 12:00:31,877 INFO GOT OLD LIST
2013-08-22 12:10:32,150 INFO GOT OLD LIST
2013-08-22 12:20:32,344 INFO GOT OLD LIST
2013-08-22 12:30:32,575 INFO GOT OLD LIST
2013-08-22 12:40:32,828 INFO GOT OLD LIST
2013-08-22 12:50:33,114 INFO GOT OLD LIST
2013-08-22 13:00:33,335 INFO GOT OLD LIST
2013-08-22 13:10:33,568 INFO GOT OLD LIST
2013-08-22 13:20:33,835 INFO GOT OLD LIST
2013-08-22 13:30:34,082 INFO GOT OLD LIST
2013-08-22 13:40:34,293 INFO GOT OLD LIST
2013-08-22 13:50:34,536 INFO GOT OLD LIST
2013-08-22 14:00:34,894 INFO GOT OLD LIST
2013-08-22 14:10:35,173 INFO GOT OLD LIST
2013-08-22 14:20:35,417 INFO GOT OLD LIST
2013-08-22 14:30:37,269 INFO GOT OLD LIST
2013-08-22 14:40:38,121 INFO GOT OLD LIST
2013-08-22 14:40:38,388 INFO FOUND A NEW FILE!! New item: \\10.19.110.117\Group\Public Access\Camp\Today's Menu\August 22nd Menu.docx
2013-08-22 14:40:38,407 INFO Date found in title is: 22
2013-08-22 14:41:02,102 INFO Emailed!
2013-08-22 14:41:02,158 INFO Found file after 34 polling intervals. Quitting. 
