2013-09-18 09:00:02,707 INFO GOT OLD LIST
2013-09-18 09:10:03,078 INFO GOT OLD LIST
2013-09-18 09:20:03,450 INFO GOT OLD LIST
2013-09-18 09:30:03,832 INFO GOT OLD LIST
2013-09-18 09:40:04,217 INFO GOT OLD LIST
2013-09-18 09:50:04,595 INFO GOT OLD LIST
2013-09-18 10:00:04,987 INFO GOT OLD LIST
2013-09-18 10:10:05,355 INFO GOT OLD LIST
2013-09-18 10:20:05,739 INFO GOT OLD LIST
2013-09-18 10:30:06,111 INFO GOT OLD LIST
2013-09-18 10:40:18,507 INFO GOT OLD LIST
2013-09-18 10:50:30,898 INFO GOT OLD LIST
2013-09-18 11:00:31,286 INFO GOT OLD LIST
2013-09-18 11:10:31,733 INFO GOT OLD LIST
2013-09-18 11:20:32,094 INFO GOT OLD LIST
2013-09-18 11:30:44,483 INFO GOT OLD LIST
2013-09-18 11:40:56,871 INFO GOT OLD LIST
2013-09-18 11:50:57,262 INFO GOT OLD LIST
2013-09-18 12:00:57,621 INFO GOT OLD LIST
2013-09-18 12:10:57,990 INFO GOT OLD LIST
2013-09-18 12:20:58,361 INFO GOT OLD LIST
2013-09-18 12:30:58,755 INFO GOT OLD LIST
2013-09-18 12:40:59,118 INFO GOT OLD LIST
2013-09-18 12:51:11,512 INFO GOT OLD LIST
2013-09-18 13:01:11,904 INFO GOT OLD LIST
2013-09-18 13:11:12,085 INFO GOT OLD LIST
2013-09-18 13:21:12,266 INFO GOT OLD LIST
2013-09-18 13:31:12,631 INFO GOT OLD LIST
2013-09-18 13:41:13,003 INFO GOT OLD LIST
2013-09-18 13:51:13,381 INFO GOT OLD LIST
2013-09-18 14:01:13,736 INFO GOT OLD LIST
2013-09-18 14:11:14,125 INFO GOT OLD LIST
2013-09-18 14:21:14,480 INFO GOT OLD LIST
2013-09-18 14:31:14,865 INFO GOT OLD LIST
2013-09-18 14:41:15,223 INFO GOT OLD LIST
2013-09-18 14:51:15,598 INFO GOT OLD LIST
2013-09-18 14:51:15,938 INFO FOUND A NEW FILE!! New item: \\10.19.110.117\Group\Public Access\Camp\Today's Menu\September 18th Menu.docx
2013-09-18 14:51:15,959 INFO Date found in title is: 18
2013-09-18 14:51:37,411 INFO Emailed!
2013-09-18 14:51:37,411 INFO Found file after 35 polling intervals. Quitting. 
