2013-09-04 09:00:04,029 INFO GOT OLD LIST
2013-09-04 09:00:16,400 INFO FOUND A NEW FILE!! New item: \\10.19.110.117\Group\Public Access\Camp\Today's Menu\September 3rd Menu.docx
2013-09-04 09:00:16,400 INFO Date found in title is: 3
2013-09-04 09:10:16,963 INFO GOT OLD LIST
2013-09-04 09:20:17,676 INFO GOT OLD LIST
2013-09-04 09:30:18,167 INFO GOT OLD LIST
2013-09-04 09:40:18,670 INFO GOT OLD LIST
2013-09-04 09:50:19,086 INFO GOT OLD LIST
2013-09-04 10:00:19,490 INFO GOT OLD LIST
2013-09-04 10:10:20,232 INFO GOT OLD LIST
2013-09-04 10:20:32,631 INFO GOT OLD LIST
2013-09-04 10:30:33,043 INFO GOT OLD LIST
2013-09-04 10:40:33,411 INFO GOT OLD LIST
2013-09-04 10:50:45,825 INFO GOT OLD LIST
2013-09-04 11:00:58,217 INFO GOT OLD LIST
2013-09-04 11:11:10,611 INFO GOT OLD LIST
2013-09-04 11:21:10,987 INFO GOT OLD LIST
2013-09-04 11:31:11,328 INFO GOT OLD LIST
2013-09-04 11:41:11,599 INFO GOT OLD LIST
2013-09-04 11:51:11,836 INFO GOT OLD LIST
2013-09-04 12:01:12,145 INFO GOT OLD LIST
2013-09-04 12:11:12,424 INFO GOT OLD LIST
2013-09-04 12:21:24,720 INFO GOT OLD LIST
2013-09-04 12:31:37,036 INFO GOT OLD LIST
2013-09-04 12:41:37,354 INFO GOT OLD LIST
2013-09-04 12:51:37,989 INFO GOT OLD LIST
2013-09-04 13:01:38,339 INFO GOT OLD LIST
2013-09-04 13:11:38,612 INFO GOT OLD LIST
2013-09-04 13:21:38,908 INFO GOT OLD LIST
2013-09-04 13:31:39,197 INFO GOT OLD LIST
2013-09-04 13:41:39,516 INFO GOT OLD LIST
2013-09-04 13:51:51,845 INFO GOT OLD LIST
2013-09-04 14:01:52,184 INFO GOT OLD LIST
2013-09-04 14:11:52,444 INFO GOT OLD LIST
2013-09-04 14:21:52,694 INFO GOT OLD LIST
2013-09-04 14:31:53,009 INFO GOT OLD LIST
2013-09-04 14:42:05,325 INFO GOT OLD LIST
2013-09-04 14:42:05,655 INFO FOUND A NEW FILE!! New item: \\10.19.110.117\Group\Public Access\Camp\Today's Menu\September 4th Menu.docx
2013-09-04 14:42:05,670 INFO Date found in title is: 4
2013-09-04 14:42:28,391 INFO Emailed!
2013-09-04 14:42:28,397 INFO Found file after 34 polling intervals. Quitting. 
